01-Apr-2016 09:11:44.590 INFO [main] org.apache.catalina.startup.VersionLoggerListener.log Server version:        Apache Tomcat/8.0.32
01-Apr-2016 09:11:44.599 INFO [main] org.apache.catalina.startup.VersionLoggerListener.log Server built:          Feb 2 2016 19:34:53 UTC
01-Apr-2016 09:11:44.599 INFO [main] org.apache.catalina.startup.VersionLoggerListener.log Server number:         8.0.32.0
01-Apr-2016 09:11:44.601 INFO [main] org.apache.catalina.startup.VersionLoggerListener.log OS Name:               Windows 10
01-Apr-2016 09:11:44.601 INFO [main] org.apache.catalina.startup.VersionLoggerListener.log OS Version:            10.0
01-Apr-2016 09:11:44.603 INFO [main] org.apache.catalina.startup.VersionLoggerListener.log Architecture:          amd64
01-Apr-2016 09:11:44.604 INFO [main] org.apache.catalina.startup.VersionLoggerListener.log Java Home:             C:\Program Files\Java\jdk1.8.0_66\jre
01-Apr-2016 09:11:44.605 INFO [main] org.apache.catalina.startup.VersionLoggerListener.log JVM Version:           1.8.0_66-b18
01-Apr-2016 09:11:44.605 INFO [main] org.apache.catalina.startup.VersionLoggerListener.log JVM Vendor:            Oracle Corporation
01-Apr-2016 09:11:44.605 INFO [main] org.apache.catalina.startup.VersionLoggerListener.log CATALINA_BASE:         F:\dubboxCluster\apache-tomcat-8.0.32
01-Apr-2016 09:11:44.607 INFO [main] org.apache.catalina.startup.VersionLoggerListener.log CATALINA_HOME:         F:\dubboxCluster\apache-tomcat-8.0.32
01-Apr-2016 09:11:44.608 INFO [main] org.apache.catalina.startup.VersionLoggerListener.log Command line argument: -Djava.util.logging.config.file=F:\dubboxCluster\apache-tomcat-8.0.32\conf\logging.properties
01-Apr-2016 09:11:44.609 INFO [main] org.apache.catalina.startup.VersionLoggerListener.log Command line argument: -Djava.util.logging.manager=org.apache.juli.ClassLoaderLogManager
01-Apr-2016 09:11:44.609 INFO [main] org.apache.catalina.startup.VersionLoggerListener.log Command line argument: -Djava.endorsed.dirs=F:\dubboxCluster\apache-tomcat-8.0.32\endorsed
01-Apr-2016 09:11:44.610 INFO [main] org.apache.catalina.startup.VersionLoggerListener.log Command line argument: -Dcatalina.base=F:\dubboxCluster\apache-tomcat-8.0.32
01-Apr-2016 09:11:44.611 INFO [main] org.apache.catalina.startup.VersionLoggerListener.log Command line argument: -Dcatalina.home=F:\dubboxCluster\apache-tomcat-8.0.32
01-Apr-2016 09:11:44.612 INFO [main] org.apache.catalina.startup.VersionLoggerListener.log Command line argument: -Djava.io.tmpdir=F:\dubboxCluster\apache-tomcat-8.0.32\temp
01-Apr-2016 09:11:44.613 INFO [main] org.apache.catalina.core.AprLifecycleListener.lifecycleEvent Loaded APR based Apache Tomcat Native library 1.2.4 using APR version 1.5.1.
01-Apr-2016 09:11:44.616 INFO [main] org.apache.catalina.core.AprLifecycleListener.lifecycleEvent APR capabilities: IPv6 [true], sendfile [true], accept filters [false], random [true].
01-Apr-2016 09:11:45.796 INFO [main] org.apache.catalina.core.AprLifecycleListener.initializeSSL OpenSSL successfully initialized (OpenSSL 1.0.2e 3 Dec 2015)
01-Apr-2016 09:11:46.707 INFO [main] org.apache.coyote.AbstractProtocol.init Initializing ProtocolHandler ["http-apr-8080"]
01-Apr-2016 09:11:46.753 INFO [main] org.apache.coyote.AbstractProtocol.init Initializing ProtocolHandler ["ajp-apr-8009"]
01-Apr-2016 09:11:46.756 INFO [main] org.apache.catalina.startup.Catalina.load Initialization processed in 4196 ms
01-Apr-2016 09:11:46.996 INFO [main] org.apache.catalina.core.StandardService.startInternal Starting service Catalina
01-Apr-2016 09:11:46.997 INFO [main] org.apache.catalina.core.StandardEngine.startInternal Starting Servlet Engine: Apache Tomcat/8.0.32
01-Apr-2016 09:11:47.177 INFO [localhost-startStop-1] org.apache.catalina.startup.HostConfig.deployWAR Deploying web application archive F:\dubboxCluster\apache-tomcat-8.0.32\webapps\dubbo-admin-2.8.4.war
01-Apr-2016 09:12:06.178 INFO [localhost-startStop-1] org.apache.jasper.servlet.TldScanner.scanJars At least one JAR was scanned for TLDs yet contained no TLDs. Enable debug logging for this logger for a complete list of JARs that were scanned but no TLDs were found in them. Skipping unneeded JARs during scanning can improve startup time and JSP compilation time.
01-Apr-2016 09:13:55.462 INFO [localhost-startStop-1] org.apache.catalina.startup.HostConfig.deployWAR Deployment of web application archive F:\dubboxCluster\apache-tomcat-8.0.32\webapps\dubbo-admin-2.8.4.war has finished in 128,254 ms
01-Apr-2016 09:13:55.504 INFO [localhost-startStop-1] org.apache.catalina.startup.HostConfig.deployDirectory Deploying web application directory F:\dubboxCluster\apache-tomcat-8.0.32\webapps\docs
01-Apr-2016 09:13:55.612 INFO [localhost-startStop-1] org.apache.catalina.startup.HostConfig.deployDirectory Deployment of web application directory F:\dubboxCluster\apache-tomcat-8.0.32\webapps\docs has finished in 108 ms
01-Apr-2016 09:13:55.614 INFO [localhost-startStop-1] org.apache.catalina.startup.HostConfig.deployDirectory Deploying web application directory F:\dubboxCluster\apache-tomcat-8.0.32\webapps\examples
01-Apr-2016 09:13:57.944 INFO [localhost-startStop-1] org.apache.catalina.startup.HostConfig.deployDirectory Deployment of web application directory F:\dubboxCluster\apache-tomcat-8.0.32\webapps\examples has finished in 2,329 ms
01-Apr-2016 09:13:57.955 INFO [localhost-startStop-1] org.apache.catalina.startup.HostConfig.deployDirectory Deploying web application directory F:\dubboxCluster\apache-tomcat-8.0.32\webapps\host-manager
01-Apr-2016 09:13:58.161 INFO [localhost-startStop-1] org.apache.catalina.startup.HostConfig.deployDirectory Deployment of web application directory F:\dubboxCluster\apache-tomcat-8.0.32\webapps\host-manager has finished in 206 ms
01-Apr-2016 09:13:58.166 INFO [localhost-startStop-1] org.apache.catalina.startup.HostConfig.deployDirectory Deploying web application directory F:\dubboxCluster\apache-tomcat-8.0.32\webapps\manager
01-Apr-2016 09:13:58.269 INFO [localhost-startStop-1] org.apache.catalina.startup.HostConfig.deployDirectory Deployment of web application directory F:\dubboxCluster\apache-tomcat-8.0.32\webapps\manager has finished in 103 ms
01-Apr-2016 09:13:58.271 INFO [localhost-startStop-1] org.apache.catalina.startup.HostConfig.deployDirectory Deploying web application directory F:\dubboxCluster\apache-tomcat-8.0.32\webapps\ROOT
01-Apr-2016 09:13:58.333 INFO [localhost-startStop-1] org.apache.catalina.startup.HostConfig.deployDirectory Deployment of web application directory F:\dubboxCluster\apache-tomcat-8.0.32\webapps\ROOT has finished in 62 ms
01-Apr-2016 09:13:58.343 INFO [main] org.apache.coyote.AbstractProtocol.start Starting ProtocolHandler ["http-apr-8080"]
01-Apr-2016 09:13:58.489 INFO [main] org.apache.coyote.AbstractProtocol.start Starting ProtocolHandler ["ajp-apr-8009"]
01-Apr-2016 09:13:58.498 INFO [main] org.apache.catalina.startup.Catalina.start Server startup in 131741 ms
01-Apr-2016 11:38:34.760 INFO [Thread-4] org.apache.coyote.AbstractProtocol.pause Pausing ProtocolHandler ["http-apr-8080"]
01-Apr-2016 11:38:35.155 INFO [Thread-4] org.apache.coyote.AbstractProtocol.pause Pausing ProtocolHandler ["ajp-apr-8009"]
01-Apr-2016 11:38:35.208 INFO [Thread-4] org.apache.catalina.core.StandardService.stopInternal Stopping service Catalina
01-Apr-2016 11:38:36.845 WARNING [localhost-startStop-2] org.apache.catalina.loader.WebappClassLoaderBase.clearReferencesThreads The web application [dubbo-admin-2.8.4] appears to have started a thread named [DubboRegistryFailedRetryTimer-thread-1] but has failed to stop it. This is very likely to create a memory leak. Stack trace of thread:
 sun.misc.Unsafe.park(Native Method)
 java.util.concurrent.locks.LockSupport.parkNanos(LockSupport.java:215)
 java.util.concurrent.locks.AbstractQueuedSynchronizer$ConditionObject.awaitNanos(AbstractQueuedSynchronizer.java:2078)
 java.util.concurrent.ScheduledThreadPoolExecutor$DelayedWorkQueue.take(ScheduledThreadPoolExecutor.java:1093)
 java.util.concurrent.ScheduledThreadPoolExecutor$DelayedWorkQueue.take(ScheduledThreadPoolExecutor.java:809)
 java.util.concurrent.ThreadPoolExecutor.getTask(ThreadPoolExecutor.java:1067)
 java.util.concurrent.ThreadPoolExecutor.runWorker(ThreadPoolExecutor.java:1127)
 java.util.concurrent.ThreadPoolExecutor$Worker.run(ThreadPoolExecutor.java:617)
 java.lang.Thread.run(Thread.java:745)
01-Apr-2016 11:38:36.853 SEVERE [localhost-startStop-2] org.apache.catalina.loader.WebappClassLoaderBase.checkThreadLocalMapForLeaks The web application [dubbo-admin-2.8.4] created a ThreadLocal with key of type [java.lang.ThreadLocal] (value [java.lang.ThreadLocal@25ea5a91]) and a value of type [com.alibaba.citrus.util.i18n.LocaleInfo] (value [zh_CN:UTF-8]) but failed to remove it when the web application was stopped. Threads are going to be renewed over time to try and avoid a probable memory leak.
01-Apr-2016 11:38:36.889 SEVERE [localhost-startStop-2] org.apache.catalina.loader.WebappClassLoaderBase.checkThreadLocalMapForLeaks The web application [dubbo-admin-2.8.4] created a ThreadLocal with key of type [com.alibaba.citrus.service.requestcontext.util.tomcat.ServerCookie$1] (value [com.alibaba.citrus.service.requestcontext.util.tomcat.ServerCookie$1@53fe84b0]) and a value of type [java.text.SimpleDateFormat] (value [java.text.SimpleDateFormat@a99420e6]) but failed to remove it when the web application was stopped. Threads are going to be renewed over time to try and avoid a probable memory leak.
01-Apr-2016 11:38:36.892 SEVERE [localhost-startStop-2] org.apache.catalina.loader.WebappClassLoaderBase.checkThreadLocalMapForLeaks The web application [dubbo-admin-2.8.4] created a ThreadLocal with key of type [org.apache.log4j.helpers.ThreadLocalMap] (value [org.apache.log4j.helpers.ThreadLocalMap@519bd0d6]) and a value of type [java.util.Hashtable] (value [{}]) but failed to remove it when the web application was stopped. Threads are going to be renewed over time to try and avoid a probable memory leak.
01-Apr-2016 11:38:36.894 SEVERE [localhost-startStop-2] org.apache.catalina.loader.WebappClassLoaderBase.checkThreadLocalMapForLeaks The web application [dubbo-admin-2.8.4] created a ThreadLocal with key of type [java.lang.ThreadLocal] (value [java.lang.ThreadLocal@25ea5a91]) and a value of type [com.alibaba.citrus.util.i18n.LocaleInfo] (value [zh_CN:UTF-8]) but failed to remove it when the web application was stopped. Threads are going to be renewed over time to try and avoid a probable memory leak.
01-Apr-2016 11:38:36.898 SEVERE [localhost-startStop-2] org.apache.catalina.loader.WebappClassLoaderBase.checkThreadLocalMapForLeaks The web application [dubbo-admin-2.8.4] created a ThreadLocal with key of type [com.alibaba.citrus.service.requestcontext.util.tomcat.ServerCookie$1] (value [com.alibaba.citrus.service.requestcontext.util.tomcat.ServerCookie$1@53fe84b0]) and a value of type [java.text.SimpleDateFormat] (value [java.text.SimpleDateFormat@a99420e6]) but failed to remove it when the web application was stopped. Threads are going to be renewed over time to try and avoid a probable memory leak.
01-Apr-2016 11:38:36.902 SEVERE [localhost-startStop-2] org.apache.catalina.loader.WebappClassLoaderBase.checkThreadLocalMapForLeaks The web application [dubbo-admin-2.8.4] created a ThreadLocal with key of type [org.apache.log4j.helpers.ThreadLocalMap] (value [org.apache.log4j.helpers.ThreadLocalMap@519bd0d6]) and a value of type [java.util.Hashtable] (value [{}]) but failed to remove it when the web application was stopped. Threads are going to be renewed over time to try and avoid a probable memory leak.
01-Apr-2016 11:38:36.911 SEVERE [localhost-startStop-2] org.apache.catalina.loader.WebappClassLoaderBase.checkThreadLocalMapForLeaks The web application [dubbo-admin-2.8.4] created a ThreadLocal with key of type [java.lang.ThreadLocal] (value [java.lang.ThreadLocal@25ea5a91]) and a value of type [com.alibaba.citrus.util.i18n.LocaleInfo] (value [zh_CN:UTF-8]) but failed to remove it when the web application was stopped. Threads are going to be renewed over time to try and avoid a probable memory leak.
01-Apr-2016 11:38:36.917 SEVERE [localhost-startStop-2] org.apache.catalina.loader.WebappClassLoaderBase.checkThreadLocalMapForLeaks The web application [dubbo-admin-2.8.4] created a ThreadLocal with key of type [com.alibaba.citrus.service.requestcontext.util.tomcat.ServerCookie$1] (value [com.alibaba.citrus.service.requestcontext.util.tomcat.ServerCookie$1@53fe84b0]) and a value of type [java.text.SimpleDateFormat] (value [java.text.SimpleDateFormat@a99420e6]) but failed to remove it when the web application was stopped. Threads are going to be renewed over time to try and avoid a probable memory leak.
01-Apr-2016 11:38:36.921 SEVERE [localhost-startStop-2] org.apache.catalina.loader.WebappClassLoaderBase.checkThreadLocalMapForLeaks The web application [dubbo-admin-2.8.4] created a ThreadLocal with key of type [org.apache.log4j.helpers.ThreadLocalMap] (value [org.apache.log4j.helpers.ThreadLocalMap@519bd0d6]) and a value of type [java.util.Hashtable] (value [{}]) but failed to remove it when the web application was stopped. Threads are going to be renewed over time to try and avoid a probable memory leak.
01-Apr-2016 11:38:36.924 SEVERE [localhost-startStop-2] org.apache.catalina.loader.WebappClassLoaderBase.checkThreadLocalMapForLeaks The web application [dubbo-admin-2.8.4] created a ThreadLocal with key of type [java.lang.ThreadLocal] (value [java.lang.ThreadLocal@25ea5a91]) and a value of type [com.alibaba.citrus.util.i18n.LocaleInfo] (value [zh_CN:UTF-8]) but failed to remove it when the web application was stopped. Threads are going to be renewed over time to try and avoid a probable memory leak.
01-Apr-2016 11:38:36.934 SEVERE [localhost-startStop-2] org.apache.catalina.loader.WebappClassLoaderBase.checkThreadLocalMapForLeaks The web application [dubbo-admin-2.8.4] created a ThreadLocal with key of type [org.apache.log4j.helpers.ThreadLocalMap] (value [org.apache.log4j.helpers.ThreadLocalMap@519bd0d6]) and a value of type [java.util.Hashtable] (value [{}]) but failed to remove it when the web application was stopped. Threads are going to be renewed over time to try and avoid a probable memory leak.
01-Apr-2016 11:38:36.939 SEVERE [localhost-startStop-2] org.apache.catalina.loader.WebappClassLoaderBase.checkThreadLocalMapForLeaks The web application [dubbo-admin-2.8.4] created a ThreadLocal with key of type [java.lang.ThreadLocal] (value [java.lang.ThreadLocal@25ea5a91]) and a value of type [com.alibaba.citrus.util.i18n.LocaleInfo] (value [zh_CN:UTF-8]) but failed to remove it when the web application was stopped. Threads are going to be renewed over time to try and avoid a probable memory leak.
01-Apr-2016 11:38:36.941 SEVERE [localhost-startStop-2] org.apache.catalina.loader.WebappClassLoaderBase.checkThreadLocalMapForLeaks The web application [dubbo-admin-2.8.4] created a ThreadLocal with key of type [com.alibaba.citrus.service.requestcontext.util.tomcat.ServerCookie$1] (value [com.alibaba.citrus.service.requestcontext.util.tomcat.ServerCookie$1@53fe84b0]) and a value of type [java.text.SimpleDateFormat] (value [java.text.SimpleDateFormat@a99420e6]) but failed to remove it when the web application was stopped. Threads are going to be renewed over time to try and avoid a probable memory leak.
01-Apr-2016 11:38:36.945 SEVERE [localhost-startStop-2] org.apache.catalina.loader.WebappClassLoaderBase.checkThreadLocalMapForLeaks The web application [dubbo-admin-2.8.4] created a ThreadLocal with key of type [org.apache.log4j.helpers.ThreadLocalMap] (value [org.apache.log4j.helpers.ThreadLocalMap@519bd0d6]) and a value of type [java.util.Hashtable] (value [{}]) but failed to remove it when the web application was stopped. Threads are going to be renewed over time to try and avoid a probable memory leak.
01-Apr-2016 11:38:36.949 SEVERE [localhost-startStop-2] org.apache.catalina.loader.WebappClassLoaderBase.checkThreadLocalMapForLeaks The web application [dubbo-admin-2.8.4] created a ThreadLocal with key of type [java.lang.ThreadLocal] (value [java.lang.ThreadLocal@25ea5a91]) and a value of type [com.alibaba.citrus.util.i18n.LocaleInfo] (value [zh_CN:UTF-8]) but failed to remove it when the web application was stopped. Threads are going to be renewed over time to try and avoid a probable memory leak.
01-Apr-2016 11:38:36.951 SEVERE [localhost-startStop-2] org.apache.catalina.loader.WebappClassLoaderBase.checkThreadLocalMapForLeaks The web application [dubbo-admin-2.8.4] created a ThreadLocal with key of type [com.alibaba.citrus.service.requestcontext.util.tomcat.ServerCookie$1] (value [com.alibaba.citrus.service.requestcontext.util.tomcat.ServerCookie$1@53fe84b0]) and a value of type [java.text.SimpleDateFormat] (value [java.text.SimpleDateFormat@a99420e6]) but failed to remove it when the web application was stopped. Threads are going to be renewed over time to try and avoid a probable memory leak.
01-Apr-2016 11:38:36.966 SEVERE [localhost-startStop-2] org.apache.catalina.loader.WebappClassLoaderBase.checkThreadLocalMapForLeaks The web application [dubbo-admin-2.8.4] created a ThreadLocal with key of type [org.apache.log4j.helpers.ThreadLocalMap] (value [org.apache.log4j.helpers.ThreadLocalMap@519bd0d6]) and a value of type [java.util.Hashtable] (value [{}]) but failed to remove it when the web application was stopped. Threads are going to be renewed over time to try and avoid a probable memory leak.
01-Apr-2016 11:38:36.969 SEVERE [localhost-startStop-2] org.apache.catalina.loader.WebappClassLoaderBase.checkThreadLocalMapForLeaks The web application [dubbo-admin-2.8.4] created a ThreadLocal with key of type [java.lang.ThreadLocal] (value [java.lang.ThreadLocal@25ea5a91]) and a value of type [com.alibaba.citrus.util.i18n.LocaleInfo] (value [zh_CN:UTF-8]) but failed to remove it when the web application was stopped. Threads are going to be renewed over time to try and avoid a probable memory leak.
01-Apr-2016 11:38:36.971 SEVERE [localhost-startStop-2] org.apache.catalina.loader.WebappClassLoaderBase.checkThreadLocalMapForLeaks The web application [dubbo-admin-2.8.4] created a ThreadLocal with key of type [org.apache.log4j.helpers.ThreadLocalMap] (value [org.apache.log4j.helpers.ThreadLocalMap@519bd0d6]) and a value of type [java.util.Hashtable] (value [{}]) but failed to remove it when the web application was stopped. Threads are going to be renewed over time to try and avoid a probable memory leak.
01-Apr-2016 11:38:36.974 SEVERE [localhost-startStop-2] org.apache.catalina.loader.WebappClassLoaderBase.checkThreadLocalMapForLeaks The web application [dubbo-admin-2.8.4] created a ThreadLocal with key of type [java.lang.ThreadLocal] (value [java.lang.ThreadLocal@25ea5a91]) and a value of type [com.alibaba.citrus.util.i18n.LocaleInfo] (value [zh_CN:UTF-8]) but failed to remove it when the web application was stopped. Threads are going to be renewed over time to try and avoid a probable memory leak.
01-Apr-2016 11:38:36.981 SEVERE [localhost-startStop-2] org.apache.catalina.loader.WebappClassLoaderBase.checkThreadLocalMapForLeaks The web application [dubbo-admin-2.8.4] created a ThreadLocal with key of type [com.alibaba.citrus.service.requestcontext.util.tomcat.ServerCookie$1] (value [com.alibaba.citrus.service.requestcontext.util.tomcat.ServerCookie$1@53fe84b0]) and a value of type [java.text.SimpleDateFormat] (value [java.text.SimpleDateFormat@a99420e6]) but failed to remove it when the web application was stopped. Threads are going to be renewed over time to try and avoid a probable memory leak.
01-Apr-2016 11:38:36.983 SEVERE [localhost-startStop-2] org.apache.catalina.loader.WebappClassLoaderBase.checkThreadLocalMapForLeaks The web application [dubbo-admin-2.8.4] created a ThreadLocal with key of type [org.apache.log4j.helpers.ThreadLocalMap] (value [org.apache.log4j.helpers.ThreadLocalMap@519bd0d6]) and a value of type [java.util.Hashtable] (value [{}]) but failed to remove it when the web application was stopped. Threads are going to be renewed over time to try and avoid a probable memory leak.
01-Apr-2016 11:38:36.988 SEVERE [localhost-startStop-2] org.apache.catalina.loader.WebappClassLoaderBase.checkThreadLocalMapForLeaks The web application [dubbo-admin-2.8.4] created a ThreadLocal with key of type [java.lang.ThreadLocal] (value [java.lang.ThreadLocal@25ea5a91]) and a value of type [com.alibaba.citrus.util.i18n.LocaleInfo] (value [zh_CN:UTF-8]) but failed to remove it when the web application was stopped. Threads are going to be renewed over time to try and avoid a probable memory leak.
01-Apr-2016 11:38:36.991 SEVERE [localhost-startStop-2] org.apache.catalina.loader.WebappClassLoaderBase.checkThreadLocalMapForLeaks The web application [dubbo-admin-2.8.4] created a ThreadLocal with key of type [org.apache.log4j.helpers.ThreadLocalMap] (value [org.apache.log4j.helpers.ThreadLocalMap@519bd0d6]) and a value of type [java.util.Hashtable] (value [{}]) but failed to remove it when the web application was stopped. Threads are going to be renewed over time to try and avoid a probable memory leak.
01-Apr-2016 11:38:36.995 SEVERE [localhost-startStop-2] org.apache.catalina.loader.WebappClassLoaderBase.checkThreadLocalMapForLeaks The web application [dubbo-admin-2.8.4] created a ThreadLocal with key of type [java.lang.ThreadLocal] (value [java.lang.ThreadLocal@25ea5a91]) and a value of type [com.alibaba.citrus.util.i18n.LocaleInfo] (value [zh_CN:UTF-8]) but failed to remove it when the web application was stopped. Threads are going to be renewed over time to try and avoid a probable memory leak.
01-Apr-2016 11:38:36.999 SEVERE [localhost-startStop-2] org.apache.catalina.loader.WebappClassLoaderBase.checkThreadLocalMapForLeaks The web application [dubbo-admin-2.8.4] created a ThreadLocal with key of type [org.apache.log4j.helpers.ThreadLocalMap] (value [org.apache.log4j.helpers.ThreadLocalMap@519bd0d6]) and a value of type [java.util.Hashtable] (value [{}]) but failed to remove it when the web application was stopped. Threads are going to be renewed over time to try and avoid a probable memory leak.
01-Apr-2016 11:38:37.244 INFO [Thread-4] org.apache.coyote.AbstractProtocol.stop Stopping ProtocolHandler ["http-apr-8080"]
01-Apr-2016 11:38:37.359 INFO [Thread-4] org.apache.coyote.AbstractProtocol.stop Stopping ProtocolHandler ["ajp-apr-8009"]
01-Apr-2016 11:38:37.619 INFO [Thread-4] org.apache.coyote.AbstractProtocol.destroy Destroying ProtocolHandler ["http-apr-8080"]
01-Apr-2016 11:38:37.697 INFO [Thread-4] org.apache.coyote.AbstractProtocol.destroy Destroying ProtocolHandler ["ajp-apr-8009"]
01-Apr-2016 14:49:31.590 INFO [main] org.apache.catalina.startup.VersionLoggerListener.log Server version:        Apache Tomcat/8.0.32
01-Apr-2016 14:49:31.593 INFO [main] org.apache.catalina.startup.VersionLoggerListener.log Server built:          Feb 2 2016 19:34:53 UTC
01-Apr-2016 14:49:31.594 INFO [main] org.apache.catalina.startup.VersionLoggerListener.log Server number:         8.0.32.0
01-Apr-2016 14:49:31.594 INFO [main] org.apache.catalina.startup.VersionLoggerListener.log OS Name:               Windows 10
01-Apr-2016 14:49:31.595 INFO [main] org.apache.catalina.startup.VersionLoggerListener.log OS Version:            10.0
01-Apr-2016 14:49:31.595 INFO [main] org.apache.catalina.startup.VersionLoggerListener.log Architecture:          amd64
01-Apr-2016 14:49:31.596 INFO [main] org.apache.catalina.startup.VersionLoggerListener.log Java Home:             C:\Program Files\Java\jdk1.8.0_66\jre
01-Apr-2016 14:49:31.596 INFO [main] org.apache.catalina.startup.VersionLoggerListener.log JVM Version:           1.8.0_66-b18
01-Apr-2016 14:49:31.597 INFO [main] org.apache.catalina.startup.VersionLoggerListener.log JVM Vendor:            Oracle Corporation
01-Apr-2016 14:49:31.597 INFO [main] org.apache.catalina.startup.VersionLoggerListener.log CATALINA_BASE:         F:\dubboxCluster\apache-tomcat-8.0.32
01-Apr-2016 14:49:31.597 INFO [main] org.apache.catalina.startup.VersionLoggerListener.log CATALINA_HOME:         F:\dubboxCluster\apache-tomcat-8.0.32
01-Apr-2016 14:49:31.598 INFO [main] org.apache.catalina.startup.VersionLoggerListener.log Command line argument: -Djava.util.logging.config.file=F:\dubboxCluster\apache-tomcat-8.0.32\conf\logging.properties
01-Apr-2016 14:49:31.599 INFO [main] org.apache.catalina.startup.VersionLoggerListener.log Command line argument: -Djava.util.logging.manager=org.apache.juli.ClassLoaderLogManager
01-Apr-2016 14:49:31.599 INFO [main] org.apache.catalina.startup.VersionLoggerListener.log Command line argument: -Djava.endorsed.dirs=F:\dubboxCluster\apache-tomcat-8.0.32\endorsed
01-Apr-2016 14:49:31.600 INFO [main] org.apache.catalina.startup.VersionLoggerListener.log Command line argument: -Dcatalina.base=F:\dubboxCluster\apache-tomcat-8.0.32
01-Apr-2016 14:49:31.601 INFO [main] org.apache.catalina.startup.VersionLoggerListener.log Command line argument: -Dcatalina.home=F:\dubboxCluster\apache-tomcat-8.0.32
01-Apr-2016 14:49:31.602 INFO [main] org.apache.catalina.startup.VersionLoggerListener.log Command line argument: -Djava.io.tmpdir=F:\dubboxCluster\apache-tomcat-8.0.32\temp
01-Apr-2016 14:49:31.603 INFO [main] org.apache.catalina.core.AprLifecycleListener.lifecycleEvent Loaded APR based Apache Tomcat Native library 1.2.4 using APR version 1.5.1.
01-Apr-2016 14:49:31.606 INFO [main] org.apache.catalina.core.AprLifecycleListener.lifecycleEvent APR capabilities: IPv6 [true], sendfile [true], accept filters [false], random [true].
01-Apr-2016 14:49:32.718 INFO [main] org.apache.catalina.core.AprLifecycleListener.initializeSSL OpenSSL successfully initialized (OpenSSL 1.0.2e 3 Dec 2015)
01-Apr-2016 14:49:33.042 INFO [main] org.apache.coyote.AbstractProtocol.init Initializing ProtocolHandler ["http-apr-8080"]
01-Apr-2016 14:49:33.082 INFO [main] org.apache.coyote.AbstractProtocol.init Initializing ProtocolHandler ["ajp-apr-8009"]
01-Apr-2016 14:49:33.087 INFO [main] org.apache.catalina.startup.Catalina.load Initialization processed in 2576 ms
01-Apr-2016 14:49:33.155 INFO [main] org.apache.catalina.core.StandardService.startInternal Starting service Catalina
01-Apr-2016 14:49:33.156 INFO [main] org.apache.catalina.core.StandardEngine.startInternal Starting Servlet Engine: Apache Tomcat/8.0.32
01-Apr-2016 14:49:33.295 INFO [localhost-startStop-1] org.apache.catalina.startup.HostConfig.deployWAR Deploying web application archive F:\dubboxCluster\apache-tomcat-8.0.32\webapps\dubbo-admin-2.8.4.war
01-Apr-2016 14:49:58.540 INFO [localhost-startStop-1] org.apache.jasper.servlet.TldScanner.scanJars At least one JAR was scanned for TLDs yet contained no TLDs. Enable debug logging for this logger for a complete list of JARs that were scanned but no TLDs were found in them. Skipping unneeded JARs during scanning can improve startup time and JSP compilation time.
01-Apr-2016 14:50:59.479 INFO [localhost-startStop-1] org.apache.catalina.startup.HostConfig.deployWAR Deployment of web application archive F:\dubboxCluster\apache-tomcat-8.0.32\webapps\dubbo-admin-2.8.4.war has finished in 86,150 ms
01-Apr-2016 14:50:59.483 INFO [localhost-startStop-1] org.apache.catalina.startup.HostConfig.deployDirectory Deploying web application directory F:\dubboxCluster\apache-tomcat-8.0.32\webapps\docs
01-Apr-2016 14:50:59.607 INFO [localhost-startStop-1] org.apache.catalina.startup.HostConfig.deployDirectory Deployment of web application directory F:\dubboxCluster\apache-tomcat-8.0.32\webapps\docs has finished in 124 ms
01-Apr-2016 14:50:59.610 INFO [localhost-startStop-1] org.apache.catalina.startup.HostConfig.deployDirectory Deploying web application directory F:\dubboxCluster\apache-tomcat-8.0.32\webapps\examples
01-Apr-2016 14:51:01.094 INFO [localhost-startStop-1] org.apache.catalina.startup.HostConfig.deployDirectory Deployment of web application directory F:\dubboxCluster\apache-tomcat-8.0.32\webapps\examples has finished in 1,484 ms
01-Apr-2016 14:51:01.096 INFO [localhost-startStop-1] org.apache.catalina.startup.HostConfig.deployDirectory Deploying web application directory F:\dubboxCluster\apache-tomcat-8.0.32\webapps\host-manager
01-Apr-2016 14:51:01.238 INFO [localhost-startStop-1] org.apache.catalina.startup.HostConfig.deployDirectory Deployment of web application directory F:\dubboxCluster\apache-tomcat-8.0.32\webapps\host-manager has finished in 143 ms
01-Apr-2016 14:51:01.241 INFO [localhost-startStop-1] org.apache.catalina.startup.HostConfig.deployDirectory Deploying web application directory F:\dubboxCluster\apache-tomcat-8.0.32\webapps\manager
01-Apr-2016 14:51:01.324 INFO [localhost-startStop-1] org.apache.catalina.startup.HostConfig.deployDirectory Deployment of web application directory F:\dubboxCluster\apache-tomcat-8.0.32\webapps\manager has finished in 83 ms
01-Apr-2016 14:51:01.326 INFO [localhost-startStop-1] org.apache.catalina.startup.HostConfig.deployDirectory Deploying web application directory F:\dubboxCluster\apache-tomcat-8.0.32\webapps\ROOT
01-Apr-2016 14:51:01.389 INFO [localhost-startStop-1] org.apache.catalina.startup.HostConfig.deployDirectory Deployment of web application directory F:\dubboxCluster\apache-tomcat-8.0.32\webapps\ROOT has finished in 63 ms
01-Apr-2016 14:51:01.450 INFO [main] org.apache.coyote.AbstractProtocol.start Starting ProtocolHandler ["http-apr-8080"]
01-Apr-2016 14:51:01.520 INFO [main] org.apache.coyote.AbstractProtocol.start Starting ProtocolHandler ["ajp-apr-8009"]
01-Apr-2016 14:51:01.529 INFO [main] org.apache.catalina.startup.Catalina.start Server startup in 88440 ms
01-Apr-2016 17:17:53.270 INFO [Thread-4] org.apache.coyote.AbstractProtocol.pause Pausing ProtocolHandler ["http-apr-8080"]
01-Apr-2016 17:17:54.420 INFO [Thread-4] org.apache.coyote.AbstractProtocol.pause Pausing ProtocolHandler ["ajp-apr-8009"]
01-Apr-2016 17:17:54.474 INFO [Thread-4] org.apache.catalina.core.StandardService.stopInternal Stopping service Catalina
01-Apr-2016 17:17:56.309 WARNING [localhost-startStop-2] org.apache.catalina.loader.WebappClassLoaderBase.clearReferencesThreads The web application [dubbo-admin-2.8.4] appears to have started a thread named [DubboRegistryFailedRetryTimer-thread-1] but has failed to stop it. This is very likely to create a memory leak. Stack trace of thread:
 sun.misc.Unsafe.park(Native Method)
 java.util.concurrent.locks.LockSupport.park(LockSupport.java:175)
 java.util.concurrent.locks.AbstractQueuedSynchronizer$ConditionObject.await(AbstractQueuedSynchronizer.java:2039)
 java.util.concurrent.ScheduledThreadPoolExecutor$DelayedWorkQueue.take(ScheduledThreadPoolExecutor.java:1081)
 java.util.concurrent.ScheduledThreadPoolExecutor$DelayedWorkQueue.take(ScheduledThreadPoolExecutor.java:809)
 java.util.concurrent.ThreadPoolExecutor.getTask(ThreadPoolExecutor.java:1067)
 java.util.concurrent.ThreadPoolExecutor.runWorker(ThreadPoolExecutor.java:1127)
 java.util.concurrent.ThreadPoolExecutor$Worker.run(ThreadPoolExecutor.java:617)
 java.lang.Thread.run(Thread.java:745)
01-Apr-2016 17:17:56.314 SEVERE [localhost-startStop-2] org.apache.catalina.loader.WebappClassLoaderBase.checkThreadLocalMapForLeaks The web application [dubbo-admin-2.8.4] created a ThreadLocal with key of type [java.lang.ThreadLocal] (value [java.lang.ThreadLocal@7a1a6869]) and a value of type [com.alibaba.citrus.util.i18n.LocaleInfo] (value [zh_CN:UTF-8]) but failed to remove it when the web application was stopped. Threads are going to be renewed over time to try and avoid a probable memory leak.
01-Apr-2016 17:17:56.362 SEVERE [localhost-startStop-2] org.apache.catalina.loader.WebappClassLoaderBase.checkThreadLocalMapForLeaks The web application [dubbo-admin-2.8.4] created a ThreadLocal with key of type [com.alibaba.citrus.service.requestcontext.util.tomcat.ServerCookie$1] (value [com.alibaba.citrus.service.requestcontext.util.tomcat.ServerCookie$1@2c89f27]) and a value of type [java.text.SimpleDateFormat] (value [java.text.SimpleDateFormat@a99420e6]) but failed to remove it when the web application was stopped. Threads are going to be renewed over time to try and avoid a probable memory leak.
01-Apr-2016 17:17:56.366 SEVERE [localhost-startStop-2] org.apache.catalina.loader.WebappClassLoaderBase.checkThreadLocalMapForLeaks The web application [dubbo-admin-2.8.4] created a ThreadLocal with key of type [org.apache.log4j.helpers.ThreadLocalMap] (value [org.apache.log4j.helpers.ThreadLocalMap@760668b8]) and a value of type [java.util.Hashtable] (value [{}]) but failed to remove it when the web application was stopped. Threads are going to be renewed over time to try and avoid a probable memory leak.
01-Apr-2016 17:17:56.369 SEVERE [localhost-startStop-2] org.apache.catalina.loader.WebappClassLoaderBase.checkThreadLocalMapForLeaks The web application [dubbo-admin-2.8.4] created a ThreadLocal with key of type [java.lang.ThreadLocal] (value [java.lang.ThreadLocal@7a1a6869]) and a value of type [com.alibaba.citrus.util.i18n.LocaleInfo] (value [zh_CN:UTF-8]) but failed to remove it when the web application was stopped. Threads are going to be renewed over time to try and avoid a probable memory leak.
01-Apr-2016 17:17:56.372 SEVERE [localhost-startStop-2] org.apache.catalina.loader.WebappClassLoaderBase.checkThreadLocalMapForLeaks The web application [dubbo-admin-2.8.4] created a ThreadLocal with key of type [org.apache.log4j.helpers.ThreadLocalMap] (value [org.apache.log4j.helpers.ThreadLocalMap@760668b8]) and a value of type [java.util.Hashtable] (value [{}]) but failed to remove it when the web application was stopped. Threads are going to be renewed over time to try and avoid a probable memory leak.
01-Apr-2016 17:17:56.376 SEVERE [localhost-startStop-2] org.apache.catalina.loader.WebappClassLoaderBase.checkThreadLocalMapForLeaks The web application [dubbo-admin-2.8.4] created a ThreadLocal with key of type [java.lang.ThreadLocal] (value [java.lang.ThreadLocal@7a1a6869]) and a value of type [com.alibaba.citrus.util.i18n.LocaleInfo] (value [zh_CN:UTF-8]) but failed to remove it when the web application was stopped. Threads are going to be renewed over time to try and avoid a probable memory leak.
01-Apr-2016 17:17:56.380 SEVERE [localhost-startStop-2] org.apache.catalina.loader.WebappClassLoaderBase.checkThreadLocalMapForLeaks The web application [dubbo-admin-2.8.4] created a ThreadLocal with key of type [com.alibaba.citrus.service.requestcontext.util.tomcat.ServerCookie$1] (value [com.alibaba.citrus.service.requestcontext.util.tomcat.ServerCookie$1@2c89f27]) and a value of type [java.text.SimpleDateFormat] (value [java.text.SimpleDateFormat@a99420e6]) but failed to remove it when the web application was stopped. Threads are going to be renewed over time to try and avoid a probable memory leak.
01-Apr-2016 17:17:56.384 SEVERE [localhost-startStop-2] org.apache.catalina.loader.WebappClassLoaderBase.checkThreadLocalMapForLeaks The web application [dubbo-admin-2.8.4] created a ThreadLocal with key of type [org.apache.log4j.helpers.ThreadLocalMap] (value [org.apache.log4j.helpers.ThreadLocalMap@760668b8]) and a value of type [java.util.Hashtable] (value [{}]) but failed to remove it when the web application was stopped. Threads are going to be renewed over time to try and avoid a probable memory leak.
01-Apr-2016 17:17:56.389 SEVERE [localhost-startStop-2] org.apache.catalina.loader.WebappClassLoaderBase.checkThreadLocalMapForLeaks The web application [dubbo-admin-2.8.4] created a ThreadLocal with key of type [java.lang.ThreadLocal] (value [java.lang.ThreadLocal@7a1a6869]) and a value of type [com.alibaba.citrus.util.i18n.LocaleInfo] (value [zh_CN:UTF-8]) but failed to remove it when the web application was stopped. Threads are going to be renewed over time to try and avoid a probable memory leak.
01-Apr-2016 17:17:56.392 SEVERE [localhost-startStop-2] org.apache.catalina.loader.WebappClassLoaderBase.checkThreadLocalMapForLeaks The web application [dubbo-admin-2.8.4] created a ThreadLocal with key of type [com.alibaba.citrus.service.requestcontext.util.tomcat.ServerCookie$1] (value [com.alibaba.citrus.service.requestcontext.util.tomcat.ServerCookie$1@2c89f27]) and a value of type [java.text.SimpleDateFormat] (value [java.text.SimpleDateFormat@a99420e6]) but failed to remove it when the web application was stopped. Threads are going to be renewed over time to try and avoid a probable memory leak.
01-Apr-2016 17:17:56.401 SEVERE [localhost-startStop-2] org.apache.catalina.loader.WebappClassLoaderBase.checkThreadLocalMapForLeaks The web application [dubbo-admin-2.8.4] created a ThreadLocal with key of type [org.apache.log4j.helpers.ThreadLocalMap] (value [org.apache.log4j.helpers.ThreadLocalMap@760668b8]) and a value of type [java.util.Hashtable] (value [{}]) but failed to remove it when the web application was stopped. Threads are going to be renewed over time to try and avoid a probable memory leak.
01-Apr-2016 17:17:56.403 SEVERE [localhost-startStop-2] org.apache.catalina.loader.WebappClassLoaderBase.checkThreadLocalMapForLeaks The web application [dubbo-admin-2.8.4] created a ThreadLocal with key of type [java.lang.ThreadLocal] (value [java.lang.ThreadLocal@7a1a6869]) and a value of type [com.alibaba.citrus.util.i18n.LocaleInfo] (value [zh_CN:UTF-8]) but failed to remove it when the web application was stopped. Threads are going to be renewed over time to try and avoid a probable memory leak.
01-Apr-2016 17:17:56.407 SEVERE [localhost-startStop-2] org.apache.catalina.loader.WebappClassLoaderBase.checkThreadLocalMapForLeaks The web application [dubbo-admin-2.8.4] created a ThreadLocal with key of type [com.alibaba.citrus.service.requestcontext.util.tomcat.ServerCookie$1] (value [com.alibaba.citrus.service.requestcontext.util.tomcat.ServerCookie$1@2c89f27]) and a value of type [java.text.SimpleDateFormat] (value [java.text.SimpleDateFormat@a99420e6]) but failed to remove it when the web application was stopped. Threads are going to be renewed over time to try and avoid a probable memory leak.
01-Apr-2016 17:17:56.411 SEVERE [localhost-startStop-2] org.apache.catalina.loader.WebappClassLoaderBase.checkThreadLocalMapForLeaks The web application [dubbo-admin-2.8.4] created a ThreadLocal with key of type [org.apache.log4j.helpers.ThreadLocalMap] (value [org.apache.log4j.helpers.ThreadLocalMap@760668b8]) and a value of type [java.util.Hashtable] (value [{}]) but failed to remove it when the web application was stopped. Threads are going to be renewed over time to try and avoid a probable memory leak.
01-Apr-2016 17:17:56.415 SEVERE [localhost-startStop-2] org.apache.catalina.loader.WebappClassLoaderBase.checkThreadLocalMapForLeaks The web application [dubbo-admin-2.8.4] created a ThreadLocal with key of type [java.lang.ThreadLocal] (value [java.lang.ThreadLocal@7a1a6869]) and a value of type [com.alibaba.citrus.util.i18n.LocaleInfo] (value [zh_CN:UTF-8]) but failed to remove it when the web application was stopped. Threads are going to be renewed over time to try and avoid a probable memory leak.
01-Apr-2016 17:17:56.419 SEVERE [localhost-startStop-2] org.apache.catalina.loader.WebappClassLoaderBase.checkThreadLocalMapForLeaks The web application [dubbo-admin-2.8.4] created a ThreadLocal with key of type [com.alibaba.citrus.service.requestcontext.util.tomcat.ServerCookie$1] (value [com.alibaba.citrus.service.requestcontext.util.tomcat.ServerCookie$1@2c89f27]) and a value of type [java.text.SimpleDateFormat] (value [java.text.SimpleDateFormat@a99420e6]) but failed to remove it when the web application was stopped. Threads are going to be renewed over time to try and avoid a probable memory leak.
01-Apr-2016 17:17:56.424 SEVERE [localhost-startStop-2] org.apache.catalina.loader.WebappClassLoaderBase.checkThreadLocalMapForLeaks The web application [dubbo-admin-2.8.4] created a ThreadLocal with key of type [org.apache.log4j.helpers.ThreadLocalMap] (value [org.apache.log4j.helpers.ThreadLocalMap@760668b8]) and a value of type [java.util.Hashtable] (value [{}]) but failed to remove it when the web application was stopped. Threads are going to be renewed over time to try and avoid a probable memory leak.
01-Apr-2016 17:17:56.428 SEVERE [localhost-startStop-2] org.apache.catalina.loader.WebappClassLoaderBase.checkThreadLocalMapForLeaks The web application [dubbo-admin-2.8.4] created a ThreadLocal with key of type [java.lang.ThreadLocal] (value [java.lang.ThreadLocal@7a1a6869]) and a value of type [com.alibaba.citrus.util.i18n.LocaleInfo] (value [zh_CN:UTF-8]) but failed to remove it when the web application was stopped. Threads are going to be renewed over time to try and avoid a probable memory leak.
01-Apr-2016 17:17:56.432 SEVERE [localhost-startStop-2] org.apache.catalina.loader.WebappClassLoaderBase.checkThreadLocalMapForLeaks The web application [dubbo-admin-2.8.4] created a ThreadLocal with key of type [com.alibaba.citrus.service.requestcontext.util.tomcat.ServerCookie$1] (value [com.alibaba.citrus.service.requestcontext.util.tomcat.ServerCookie$1@2c89f27]) and a value of type [java.text.SimpleDateFormat] (value [java.text.SimpleDateFormat@a99420e6]) but failed to remove it when the web application was stopped. Threads are going to be renewed over time to try and avoid a probable memory leak.
01-Apr-2016 17:17:56.437 SEVERE [localhost-startStop-2] org.apache.catalina.loader.WebappClassLoaderBase.checkThreadLocalMapForLeaks The web application [dubbo-admin-2.8.4] created a ThreadLocal with key of type [org.apache.log4j.helpers.ThreadLocalMap] (value [org.apache.log4j.helpers.ThreadLocalMap@760668b8]) and a value of type [java.util.Hashtable] (value [{}]) but failed to remove it when the web application was stopped. Threads are going to be renewed over time to try and avoid a probable memory leak.
01-Apr-2016 17:17:56.441 SEVERE [localhost-startStop-2] org.apache.catalina.loader.WebappClassLoaderBase.checkThreadLocalMapForLeaks The web application [dubbo-admin-2.8.4] created a ThreadLocal with key of type [java.lang.ThreadLocal] (value [java.lang.ThreadLocal@7a1a6869]) and a value of type [com.alibaba.citrus.util.i18n.LocaleInfo] (value [zh_CN:UTF-8]) but failed to remove it when the web application was stopped. Threads are going to be renewed over time to try and avoid a probable memory leak.
01-Apr-2016 17:17:56.446 SEVERE [localhost-startStop-2] org.apache.catalina.loader.WebappClassLoaderBase.checkThreadLocalMapForLeaks The web application [dubbo-admin-2.8.4] created a ThreadLocal with key of type [org.apache.log4j.helpers.ThreadLocalMap] (value [org.apache.log4j.helpers.ThreadLocalMap@760668b8]) and a value of type [java.util.Hashtable] (value [{}]) but failed to remove it when the web application was stopped. Threads are going to be renewed over time to try and avoid a probable memory leak.
01-Apr-2016 17:17:56.458 SEVERE [localhost-startStop-2] org.apache.catalina.loader.WebappClassLoaderBase.checkThreadLocalMapForLeaks The web application [dubbo-admin-2.8.4] created a ThreadLocal with key of type [org.apache.log4j.helpers.ThreadLocalMap] (value [org.apache.log4j.helpers.ThreadLocalMap@760668b8]) and a value of type [java.util.Hashtable] (value [{}]) but failed to remove it when the web application was stopped. Threads are going to be renewed over time to try and avoid a probable memory leak.
01-Apr-2016 17:17:56.461 SEVERE [localhost-startStop-2] org.apache.catalina.loader.WebappClassLoaderBase.checkThreadLocalMapForLeaks The web application [dubbo-admin-2.8.4] created a ThreadLocal with key of type [java.lang.ThreadLocal] (value [java.lang.ThreadLocal@7a1a6869]) and a value of type [com.alibaba.citrus.util.i18n.LocaleInfo] (value [zh_CN:UTF-8]) but failed to remove it when the web application was stopped. Threads are going to be renewed over time to try and avoid a probable memory leak.
01-Apr-2016 17:17:56.464 SEVERE [localhost-startStop-2] org.apache.catalina.loader.WebappClassLoaderBase.checkThreadLocalMapForLeaks The web application [dubbo-admin-2.8.4] created a ThreadLocal with key of type [org.apache.log4j.helpers.ThreadLocalMap] (value [org.apache.log4j.helpers.ThreadLocalMap@760668b8]) and a value of type [java.util.Hashtable] (value [{}]) but failed to remove it when the web application was stopped. Threads are going to be renewed over time to try and avoid a probable memory leak.
01-Apr-2016 17:17:56.527 INFO [Thread-4] org.apache.coyote.AbstractProtocol.stop Stopping ProtocolHandler ["http-apr-8080"]
01-Apr-2016 17:17:56.732 INFO [Thread-4] org.apache.coyote.AbstractProtocol.stop Stopping ProtocolHandler ["ajp-apr-8009"]
01-Apr-2016 17:17:56.859 INFO [Thread-4] org.apache.coyote.AbstractProtocol.destroy Destroying ProtocolHandler ["http-apr-8080"]
01-Apr-2016 17:17:56.863 INFO [Thread-4] org.apache.coyote.AbstractProtocol.destroy Destroying ProtocolHandler ["ajp-apr-8009"]
