20-Apr-2016 21:28:24.068 INFO [main] org.apache.catalina.startup.VersionLoggerListener.log Server version:        Apache Tomcat/8.0.32
20-Apr-2016 21:28:24.072 INFO [main] org.apache.catalina.startup.VersionLoggerListener.log Server built:          Feb 2 2016 19:34:53 UTC
20-Apr-2016 21:28:24.072 INFO [main] org.apache.catalina.startup.VersionLoggerListener.log Server number:         8.0.32.0
20-Apr-2016 21:28:24.076 INFO [main] org.apache.catalina.startup.VersionLoggerListener.log OS Name:               Windows 10
20-Apr-2016 21:28:24.076 INFO [main] org.apache.catalina.startup.VersionLoggerListener.log OS Version:            10.0
20-Apr-2016 21:28:24.076 INFO [main] org.apache.catalina.startup.VersionLoggerListener.log Architecture:          amd64
20-Apr-2016 21:28:24.076 INFO [main] org.apache.catalina.startup.VersionLoggerListener.log Java Home:             C:\Program Files\Java\jdk1.8.0_66\jre
20-Apr-2016 21:28:24.076 INFO [main] org.apache.catalina.startup.VersionLoggerListener.log JVM Version:           1.8.0_66-b18
20-Apr-2016 21:28:24.076 INFO [main] org.apache.catalina.startup.VersionLoggerListener.log JVM Vendor:            Oracle Corporation
20-Apr-2016 21:28:24.076 INFO [main] org.apache.catalina.startup.VersionLoggerListener.log CATALINA_BASE:         F:\dubboxCluster\apache-tomcat-8.0.32
20-Apr-2016 21:28:24.080 INFO [main] org.apache.catalina.startup.VersionLoggerListener.log CATALINA_HOME:         F:\dubboxCluster\apache-tomcat-8.0.32
20-Apr-2016 21:28:24.080 INFO [main] org.apache.catalina.startup.VersionLoggerListener.log Command line argument: -Djava.util.logging.config.file=F:\dubboxCluster\apache-tomcat-8.0.32\conf\logging.properties
20-Apr-2016 21:28:24.080 INFO [main] org.apache.catalina.startup.VersionLoggerListener.log Command line argument: -Djava.util.logging.manager=org.apache.juli.ClassLoaderLogManager
20-Apr-2016 21:28:24.080 INFO [main] org.apache.catalina.startup.VersionLoggerListener.log Command line argument: -Djava.endorsed.dirs=F:\dubboxCluster\apache-tomcat-8.0.32\endorsed
20-Apr-2016 21:28:24.080 INFO [main] org.apache.catalina.startup.VersionLoggerListener.log Command line argument: -Dcatalina.base=F:\dubboxCluster\apache-tomcat-8.0.32
20-Apr-2016 21:28:24.080 INFO [main] org.apache.catalina.startup.VersionLoggerListener.log Command line argument: -Dcatalina.home=F:\dubboxCluster\apache-tomcat-8.0.32
20-Apr-2016 21:28:24.084 INFO [main] org.apache.catalina.startup.VersionLoggerListener.log Command line argument: -Djava.io.tmpdir=F:\dubboxCluster\apache-tomcat-8.0.32\temp
20-Apr-2016 21:28:24.084 INFO [main] org.apache.catalina.core.AprLifecycleListener.lifecycleEvent Loaded APR based Apache Tomcat Native library 1.2.4 using APR version 1.5.1.
20-Apr-2016 21:28:24.100 INFO [main] org.apache.catalina.core.AprLifecycleListener.lifecycleEvent APR capabilities: IPv6 [true], sendfile [true], accept filters [false], random [true].
20-Apr-2016 21:28:25.369 INFO [main] org.apache.catalina.core.AprLifecycleListener.initializeSSL OpenSSL successfully initialized (OpenSSL 1.0.2e 3 Dec 2015)
20-Apr-2016 21:28:27.119 INFO [main] org.apache.coyote.AbstractProtocol.init Initializing ProtocolHandler ["http-apr-8080"]
20-Apr-2016 21:28:27.160 INFO [main] org.apache.coyote.AbstractProtocol.init Initializing ProtocolHandler ["ajp-apr-8009"]
20-Apr-2016 21:28:27.168 INFO [main] org.apache.catalina.startup.Catalina.load Initialization processed in 5467 ms
20-Apr-2016 21:28:27.356 INFO [main] org.apache.catalina.core.StandardService.startInternal Starting service Catalina
20-Apr-2016 21:28:27.360 INFO [main] org.apache.catalina.core.StandardEngine.startInternal Starting Servlet Engine: Apache Tomcat/8.0.32
20-Apr-2016 21:28:27.522 INFO [localhost-startStop-1] org.apache.catalina.startup.HostConfig.deployWAR Deploying web application archive F:\dubboxCluster\apache-tomcat-8.0.32\webapps\dubbo-admin-2.8.4.war
20-Apr-2016 21:28:44.152 INFO [localhost-startStop-1] org.apache.jasper.servlet.TldScanner.scanJars At least one JAR was scanned for TLDs yet contained no TLDs. Enable debug logging for this logger for a complete list of JARs that were scanned but no TLDs were found in them. Skipping unneeded JARs during scanning can improve startup time and JSP compilation time.
20-Apr-2016 21:29:34.022 INFO [localhost-startStop-1] org.apache.catalina.startup.HostConfig.deployWAR Deployment of web application archive F:\dubboxCluster\apache-tomcat-8.0.32\webapps\dubbo-admin-2.8.4.war has finished in 66,500 ms
20-Apr-2016 21:29:34.022 INFO [localhost-startStop-1] org.apache.catalina.startup.HostConfig.deployDirectory Deploying web application directory F:\dubboxCluster\apache-tomcat-8.0.32\webapps\docs
20-Apr-2016 21:29:34.100 INFO [localhost-startStop-1] org.apache.catalina.startup.HostConfig.deployDirectory Deployment of web application directory F:\dubboxCluster\apache-tomcat-8.0.32\webapps\docs has finished in 78 ms
20-Apr-2016 21:29:34.100 INFO [localhost-startStop-1] org.apache.catalina.startup.HostConfig.deployDirectory Deploying web application directory F:\dubboxCluster\apache-tomcat-8.0.32\webapps\examples
20-Apr-2016 21:29:35.014 INFO [localhost-startStop-1] org.apache.catalina.startup.HostConfig.deployDirectory Deployment of web application directory F:\dubboxCluster\apache-tomcat-8.0.32\webapps\examples has finished in 914 ms
20-Apr-2016 21:29:35.014 INFO [localhost-startStop-1] org.apache.catalina.startup.HostConfig.deployDirectory Deploying web application directory F:\dubboxCluster\apache-tomcat-8.0.32\webapps\host-manager
20-Apr-2016 21:29:35.155 INFO [localhost-startStop-1] org.apache.catalina.startup.HostConfig.deployDirectory Deployment of web application directory F:\dubboxCluster\apache-tomcat-8.0.32\webapps\host-manager has finished in 141 ms
20-Apr-2016 21:29:35.155 INFO [localhost-startStop-1] org.apache.catalina.startup.HostConfig.deployDirectory Deploying web application directory F:\dubboxCluster\apache-tomcat-8.0.32\webapps\manager
20-Apr-2016 21:29:35.248 INFO [localhost-startStop-1] org.apache.catalina.startup.HostConfig.deployDirectory Deployment of web application directory F:\dubboxCluster\apache-tomcat-8.0.32\webapps\manager has finished in 93 ms
20-Apr-2016 21:29:35.248 INFO [localhost-startStop-1] org.apache.catalina.startup.HostConfig.deployDirectory Deploying web application directory F:\dubboxCluster\apache-tomcat-8.0.32\webapps\ROOT
20-Apr-2016 21:29:35.295 INFO [localhost-startStop-1] org.apache.catalina.startup.HostConfig.deployDirectory Deployment of web application directory F:\dubboxCluster\apache-tomcat-8.0.32\webapps\ROOT has finished in 47 ms
20-Apr-2016 21:29:35.327 INFO [main] org.apache.coyote.AbstractProtocol.start Starting ProtocolHandler ["http-apr-8080"]
20-Apr-2016 21:29:35.380 INFO [main] org.apache.coyote.AbstractProtocol.start Starting ProtocolHandler ["ajp-apr-8009"]
20-Apr-2016 21:29:35.395 INFO [main] org.apache.catalina.startup.Catalina.start Server startup in 68228 ms
20-Apr-2016 21:50:54.969 INFO [Thread-4] org.apache.coyote.AbstractProtocol.pause Pausing ProtocolHandler ["http-apr-8080"]
20-Apr-2016 21:50:54.996 INFO [Thread-4] org.apache.coyote.AbstractProtocol.pause Pausing ProtocolHandler ["ajp-apr-8009"]
20-Apr-2016 21:50:55.055 INFO [Thread-4] org.apache.catalina.core.StandardService.stopInternal Stopping service Catalina
20-Apr-2016 21:50:55.364 WARNING [localhost-startStop-2] org.apache.catalina.loader.WebappClassLoaderBase.clearReferencesThreads The web application [dubbo-admin-2.8.4] appears to have started a thread named [DubboRegistryFailedRetryTimer-thread-1] but has failed to stop it. This is very likely to create a memory leak. Stack trace of thread:
 sun.misc.Unsafe.park(Native Method)
 java.util.concurrent.locks.LockSupport.parkNanos(LockSupport.java:215)
 java.util.concurrent.locks.AbstractQueuedSynchronizer$ConditionObject.awaitNanos(AbstractQueuedSynchronizer.java:2078)
 java.util.concurrent.ScheduledThreadPoolExecutor$DelayedWorkQueue.take(ScheduledThreadPoolExecutor.java:1093)
 java.util.concurrent.ScheduledThreadPoolExecutor$DelayedWorkQueue.take(ScheduledThreadPoolExecutor.java:809)
 java.util.concurrent.ThreadPoolExecutor.getTask(ThreadPoolExecutor.java:1067)
 java.util.concurrent.ThreadPoolExecutor.runWorker(ThreadPoolExecutor.java:1127)
 java.util.concurrent.ThreadPoolExecutor$Worker.run(ThreadPoolExecutor.java:617)
 java.lang.Thread.run(Thread.java:745)
20-Apr-2016 21:50:55.371 SEVERE [localhost-startStop-2] org.apache.catalina.loader.WebappClassLoaderBase.checkThreadLocalMapForLeaks The web application [dubbo-admin-2.8.4] created a ThreadLocal with key of type [java.lang.ThreadLocal] (value [java.lang.ThreadLocal@1f6a02c0]) and a value of type [com.alibaba.citrus.util.i18n.LocaleInfo] (value [zh_CN:UTF-8]) but failed to remove it when the web application was stopped. Threads are going to be renewed over time to try and avoid a probable memory leak.
20-Apr-2016 21:50:55.371 SEVERE [localhost-startStop-2] org.apache.catalina.loader.WebappClassLoaderBase.checkThreadLocalMapForLeaks The web application [dubbo-admin-2.8.4] created a ThreadLocal with key of type [org.apache.log4j.helpers.ThreadLocalMap] (value [org.apache.log4j.helpers.ThreadLocalMap@2cb67558]) and a value of type [java.util.Hashtable] (value [{}]) but failed to remove it when the web application was stopped. Threads are going to be renewed over time to try and avoid a probable memory leak.
20-Apr-2016 21:50:55.379 SEVERE [localhost-startStop-2] org.apache.catalina.loader.WebappClassLoaderBase.checkThreadLocalMapForLeaks The web application [dubbo-admin-2.8.4] created a ThreadLocal with key of type [org.apache.log4j.helpers.ThreadLocalMap] (value [org.apache.log4j.helpers.ThreadLocalMap@2cb67558]) and a value of type [java.util.Hashtable] (value [{}]) but failed to remove it when the web application was stopped. Threads are going to be renewed over time to try and avoid a probable memory leak.
20-Apr-2016 21:50:55.383 SEVERE [localhost-startStop-2] org.apache.catalina.loader.WebappClassLoaderBase.checkThreadLocalMapForLeaks The web application [dubbo-admin-2.8.4] created a ThreadLocal with key of type [org.apache.log4j.helpers.ThreadLocalMap] (value [org.apache.log4j.helpers.ThreadLocalMap@2cb67558]) and a value of type [java.util.Hashtable] (value [{}]) but failed to remove it when the web application was stopped. Threads are going to be renewed over time to try and avoid a probable memory leak.
20-Apr-2016 21:50:55.387 SEVERE [localhost-startStop-2] org.apache.catalina.loader.WebappClassLoaderBase.checkThreadLocalMapForLeaks The web application [dubbo-admin-2.8.4] created a ThreadLocal with key of type [java.lang.ThreadLocal] (value [java.lang.ThreadLocal@1f6a02c0]) and a value of type [com.alibaba.citrus.util.i18n.LocaleInfo] (value [zh_CN:UTF-8]) but failed to remove it when the web application was stopped. Threads are going to be renewed over time to try and avoid a probable memory leak.
20-Apr-2016 21:50:55.391 SEVERE [localhost-startStop-2] org.apache.catalina.loader.WebappClassLoaderBase.checkThreadLocalMapForLeaks The web application [dubbo-admin-2.8.4] created a ThreadLocal with key of type [org.apache.log4j.helpers.ThreadLocalMap] (value [org.apache.log4j.helpers.ThreadLocalMap@2cb67558]) and a value of type [java.util.Hashtable] (value [{}]) but failed to remove it when the web application was stopped. Threads are going to be renewed over time to try and avoid a probable memory leak.
20-Apr-2016 21:50:55.395 SEVERE [localhost-startStop-2] org.apache.catalina.loader.WebappClassLoaderBase.checkThreadLocalMapForLeaks The web application [dubbo-admin-2.8.4] created a ThreadLocal with key of type [java.lang.ThreadLocal] (value [java.lang.ThreadLocal@1f6a02c0]) and a value of type [com.alibaba.citrus.util.i18n.LocaleInfo] (value [zh_CN:UTF-8]) but failed to remove it when the web application was stopped. Threads are going to be renewed over time to try and avoid a probable memory leak.
20-Apr-2016 21:50:55.399 SEVERE [localhost-startStop-2] org.apache.catalina.loader.WebappClassLoaderBase.checkThreadLocalMapForLeaks The web application [dubbo-admin-2.8.4] created a ThreadLocal with key of type [org.apache.log4j.helpers.ThreadLocalMap] (value [org.apache.log4j.helpers.ThreadLocalMap@2cb67558]) and a value of type [java.util.Hashtable] (value [{}]) but failed to remove it when the web application was stopped. Threads are going to be renewed over time to try and avoid a probable memory leak.
20-Apr-2016 21:50:55.403 SEVERE [localhost-startStop-2] org.apache.catalina.loader.WebappClassLoaderBase.checkThreadLocalMapForLeaks The web application [dubbo-admin-2.8.4] created a ThreadLocal with key of type [java.lang.ThreadLocal] (value [java.lang.ThreadLocal@1f6a02c0]) and a value of type [com.alibaba.citrus.util.i18n.LocaleInfo] (value [zh_CN:UTF-8]) but failed to remove it when the web application was stopped. Threads are going to be renewed over time to try and avoid a probable memory leak.
20-Apr-2016 21:50:55.407 SEVERE [localhost-startStop-2] org.apache.catalina.loader.WebappClassLoaderBase.checkThreadLocalMapForLeaks The web application [dubbo-admin-2.8.4] created a ThreadLocal with key of type [org.apache.log4j.helpers.ThreadLocalMap] (value [org.apache.log4j.helpers.ThreadLocalMap@2cb67558]) and a value of type [java.util.Hashtable] (value [{}]) but failed to remove it when the web application was stopped. Threads are going to be renewed over time to try and avoid a probable memory leak.
20-Apr-2016 21:50:55.414 SEVERE [localhost-startStop-2] org.apache.catalina.loader.WebappClassLoaderBase.checkThreadLocalMapForLeaks The web application [dubbo-admin-2.8.4] created a ThreadLocal with key of type [com.alibaba.citrus.service.requestcontext.util.tomcat.ServerCookie$1] (value [com.alibaba.citrus.service.requestcontext.util.tomcat.ServerCookie$1@73ef4817]) and a value of type [java.text.SimpleDateFormat] (value [java.text.SimpleDateFormat@a99420e6]) but failed to remove it when the web application was stopped. Threads are going to be renewed over time to try and avoid a probable memory leak.
20-Apr-2016 21:50:55.418 SEVERE [localhost-startStop-2] org.apache.catalina.loader.WebappClassLoaderBase.checkThreadLocalMapForLeaks The web application [dubbo-admin-2.8.4] created a ThreadLocal with key of type [java.lang.ThreadLocal] (value [java.lang.ThreadLocal@1f6a02c0]) and a value of type [com.alibaba.citrus.util.i18n.LocaleInfo] (value [zh_CN:UTF-8]) but failed to remove it when the web application was stopped. Threads are going to be renewed over time to try and avoid a probable memory leak.
20-Apr-2016 21:50:55.422 SEVERE [localhost-startStop-2] org.apache.catalina.loader.WebappClassLoaderBase.checkThreadLocalMapForLeaks The web application [dubbo-admin-2.8.4] created a ThreadLocal with key of type [org.apache.log4j.helpers.ThreadLocalMap] (value [org.apache.log4j.helpers.ThreadLocalMap@2cb67558]) and a value of type [java.util.Hashtable] (value [{}]) but failed to remove it when the web application was stopped. Threads are going to be renewed over time to try and avoid a probable memory leak.
20-Apr-2016 21:50:55.426 SEVERE [localhost-startStop-2] org.apache.catalina.loader.WebappClassLoaderBase.checkThreadLocalMapForLeaks The web application [dubbo-admin-2.8.4] created a ThreadLocal with key of type [java.lang.ThreadLocal] (value [java.lang.ThreadLocal@1f6a02c0]) and a value of type [com.alibaba.citrus.util.i18n.LocaleInfo] (value [zh_CN:UTF-8]) but failed to remove it when the web application was stopped. Threads are going to be renewed over time to try and avoid a probable memory leak.
20-Apr-2016 21:50:55.430 SEVERE [localhost-startStop-2] org.apache.catalina.loader.WebappClassLoaderBase.checkThreadLocalMapForLeaks The web application [dubbo-admin-2.8.4] created a ThreadLocal with key of type [org.apache.log4j.helpers.ThreadLocalMap] (value [org.apache.log4j.helpers.ThreadLocalMap@2cb67558]) and a value of type [java.util.Hashtable] (value [{}]) but failed to remove it when the web application was stopped. Threads are going to be renewed over time to try and avoid a probable memory leak.
20-Apr-2016 21:50:55.434 SEVERE [localhost-startStop-2] org.apache.catalina.loader.WebappClassLoaderBase.checkThreadLocalMapForLeaks The web application [dubbo-admin-2.8.4] created a ThreadLocal with key of type [java.lang.ThreadLocal] (value [java.lang.ThreadLocal@1f6a02c0]) and a value of type [com.alibaba.citrus.util.i18n.LocaleInfo] (value [zh_CN:UTF-8]) but failed to remove it when the web application was stopped. Threads are going to be renewed over time to try and avoid a probable memory leak.
20-Apr-2016 21:50:55.446 SEVERE [localhost-startStop-2] org.apache.catalina.loader.WebappClassLoaderBase.checkThreadLocalMapForLeaks The web application [dubbo-admin-2.8.4] created a ThreadLocal with key of type [org.apache.log4j.helpers.ThreadLocalMap] (value [org.apache.log4j.helpers.ThreadLocalMap@2cb67558]) and a value of type [java.util.Hashtable] (value [{}]) but failed to remove it when the web application was stopped. Threads are going to be renewed over time to try and avoid a probable memory leak.
20-Apr-2016 21:50:55.450 SEVERE [localhost-startStop-2] org.apache.catalina.loader.WebappClassLoaderBase.checkThreadLocalMapForLeaks The web application [dubbo-admin-2.8.4] created a ThreadLocal with key of type [java.lang.ThreadLocal] (value [java.lang.ThreadLocal@1f6a02c0]) and a value of type [com.alibaba.citrus.util.i18n.LocaleInfo] (value [zh_CN:UTF-8]) but failed to remove it when the web application was stopped. Threads are going to be renewed over time to try and avoid a probable memory leak.
20-Apr-2016 21:50:55.453 SEVERE [localhost-startStop-2] org.apache.catalina.loader.WebappClassLoaderBase.checkThreadLocalMapForLeaks The web application [dubbo-admin-2.8.4] created a ThreadLocal with key of type [org.apache.log4j.helpers.ThreadLocalMap] (value [org.apache.log4j.helpers.ThreadLocalMap@2cb67558]) and a value of type [java.util.Hashtable] (value [{}]) but failed to remove it when the web application was stopped. Threads are going to be renewed over time to try and avoid a probable memory leak.
20-Apr-2016 21:50:55.547 INFO [Thread-4] org.apache.coyote.AbstractProtocol.stop Stopping ProtocolHandler ["http-apr-8080"]
20-Apr-2016 21:50:55.606 INFO [Thread-4] org.apache.coyote.AbstractProtocol.stop Stopping ProtocolHandler ["ajp-apr-8009"]
20-Apr-2016 21:50:55.680 INFO [Thread-4] org.apache.coyote.AbstractProtocol.destroy Destroying ProtocolHandler ["http-apr-8080"]
20-Apr-2016 21:50:55.684 INFO [Thread-4] org.apache.coyote.AbstractProtocol.destroy Destroying ProtocolHandler ["ajp-apr-8009"]
