16-Jun-2016 11:21:24.228 INFO [main] org.apache.catalina.startup.VersionLoggerListener.log Server version:        Apache Tomcat/8.0.32
16-Jun-2016 11:21:24.243 INFO [main] org.apache.catalina.startup.VersionLoggerListener.log Server built:          Feb 2 2016 19:34:53 UTC
16-Jun-2016 11:21:24.243 INFO [main] org.apache.catalina.startup.VersionLoggerListener.log Server number:         8.0.32.0
16-Jun-2016 11:21:24.243 INFO [main] org.apache.catalina.startup.VersionLoggerListener.log OS Name:               Windows 8
16-Jun-2016 11:21:24.243 INFO [main] org.apache.catalina.startup.VersionLoggerListener.log OS Version:            6.2
16-Jun-2016 11:21:24.243 INFO [main] org.apache.catalina.startup.VersionLoggerListener.log Architecture:          amd64
16-Jun-2016 11:21:24.243 INFO [main] org.apache.catalina.startup.VersionLoggerListener.log Java Home:             C:\Program Files\Java\jdk1.8.0_92\jre
16-Jun-2016 11:21:24.243 INFO [main] org.apache.catalina.startup.VersionLoggerListener.log JVM Version:           1.8.0_92-b14
16-Jun-2016 11:21:24.243 INFO [main] org.apache.catalina.startup.VersionLoggerListener.log JVM Vendor:            Oracle Corporation
16-Jun-2016 11:21:24.243 INFO [main] org.apache.catalina.startup.VersionLoggerListener.log CATALINA_BASE:         G:\dubboxCluster\apache-tomcat-8.0.32
16-Jun-2016 11:21:24.243 INFO [main] org.apache.catalina.startup.VersionLoggerListener.log CATALINA_HOME:         G:\dubboxCluster\apache-tomcat-8.0.32
16-Jun-2016 11:21:24.243 INFO [main] org.apache.catalina.startup.VersionLoggerListener.log Command line argument: -Djava.util.logging.config.file=G:\dubboxCluster\apache-tomcat-8.0.32\conf\logging.properties
16-Jun-2016 11:21:24.259 INFO [main] org.apache.catalina.startup.VersionLoggerListener.log Command line argument: -Djava.util.logging.manager=org.apache.juli.ClassLoaderLogManager
16-Jun-2016 11:21:24.259 INFO [main] org.apache.catalina.startup.VersionLoggerListener.log Command line argument: -Djava.endorsed.dirs=G:\dubboxCluster\apache-tomcat-8.0.32\endorsed
16-Jun-2016 11:21:24.259 INFO [main] org.apache.catalina.startup.VersionLoggerListener.log Command line argument: -Dcatalina.base=G:\dubboxCluster\apache-tomcat-8.0.32
16-Jun-2016 11:21:24.259 INFO [main] org.apache.catalina.startup.VersionLoggerListener.log Command line argument: -Dcatalina.home=G:\dubboxCluster\apache-tomcat-8.0.32
16-Jun-2016 11:21:24.274 INFO [main] org.apache.catalina.startup.VersionLoggerListener.log Command line argument: -Djava.io.tmpdir=G:\dubboxCluster\apache-tomcat-8.0.32\temp
16-Jun-2016 11:21:24.274 INFO [main] org.apache.catalina.core.AprLifecycleListener.lifecycleEvent Loaded APR based Apache Tomcat Native library 1.2.4 using APR version 1.5.1.
16-Jun-2016 11:21:24.274 INFO [main] org.apache.catalina.core.AprLifecycleListener.lifecycleEvent APR capabilities: IPv6 [true], sendfile [true], accept filters [false], random [true].
16-Jun-2016 11:21:25.554 INFO [main] org.apache.catalina.core.AprLifecycleListener.initializeSSL OpenSSL successfully initialized (OpenSSL 1.0.2e 3 Dec 2015)
16-Jun-2016 11:21:27.176 INFO [main] org.apache.coyote.AbstractProtocol.init Initializing ProtocolHandler ["http-apr-8080"]
16-Jun-2016 11:21:27.223 INFO [main] org.apache.coyote.AbstractProtocol.init Initializing ProtocolHandler ["ajp-apr-8009"]
16-Jun-2016 11:21:27.223 INFO [main] org.apache.catalina.startup.Catalina.load Initialization processed in 6327 ms
16-Jun-2016 11:21:27.628 INFO [main] org.apache.catalina.core.StandardService.startInternal Starting service Catalina
16-Jun-2016 11:21:27.628 INFO [main] org.apache.catalina.core.StandardEngine.startInternal Starting Servlet Engine: Apache Tomcat/8.0.32
16-Jun-2016 11:21:27.940 INFO [localhost-startStop-1] org.apache.catalina.startup.HostConfig.deployWAR Deploying web application archive G:\dubboxCluster\apache-tomcat-8.0.32\webapps\dubbo-admin-2.8.4.war
16-Jun-2016 11:21:46.364 INFO [localhost-startStop-1] org.apache.jasper.servlet.TldScanner.scanJars At least one JAR was scanned for TLDs yet contained no TLDs. Enable debug logging for this logger for a complete list of JARs that were scanned but no TLDs were found in them. Skipping unneeded JARs during scanning can improve startup time and JSP compilation time.
