23-Mar-2016 18:17:21.184 INFO [main] org.apache.catalina.startup.VersionLoggerListener.log Server version:        Apache Tomcat/8.0.32
23-Mar-2016 18:17:21.202 INFO [main] org.apache.catalina.startup.VersionLoggerListener.log Server built:          Feb 2 2016 19:34:53 UTC
23-Mar-2016 18:17:21.203 INFO [main] org.apache.catalina.startup.VersionLoggerListener.log Server number:         8.0.32.0
23-Mar-2016 18:17:21.204 INFO [main] org.apache.catalina.startup.VersionLoggerListener.log OS Name:               Windows 10
23-Mar-2016 18:17:21.205 INFO [main] org.apache.catalina.startup.VersionLoggerListener.log OS Version:            10.0
23-Mar-2016 18:17:21.206 INFO [main] org.apache.catalina.startup.VersionLoggerListener.log Architecture:          amd64
23-Mar-2016 18:17:21.208 INFO [main] org.apache.catalina.startup.VersionLoggerListener.log Java Home:             C:\Program Files\Java\jdk1.8.0_66\jre
23-Mar-2016 18:17:21.209 INFO [main] org.apache.catalina.startup.VersionLoggerListener.log JVM Version:           1.8.0_66-b18
23-Mar-2016 18:17:21.210 INFO [main] org.apache.catalina.startup.VersionLoggerListener.log JVM Vendor:            Oracle Corporation
23-Mar-2016 18:17:21.211 INFO [main] org.apache.catalina.startup.VersionLoggerListener.log CATALINA_BASE:         C:\Users\Frank\Desktop\apache-tomcat-8.0.32
23-Mar-2016 18:17:21.212 INFO [main] org.apache.catalina.startup.VersionLoggerListener.log CATALINA_HOME:         C:\Users\Frank\Desktop\apache-tomcat-8.0.32
23-Mar-2016 18:17:21.213 INFO [main] org.apache.catalina.startup.VersionLoggerListener.log Command line argument: -Djava.util.logging.config.file=C:\Users\Frank\Desktop\apache-tomcat-8.0.32\conf\logging.properties
23-Mar-2016 18:17:21.215 INFO [main] org.apache.catalina.startup.VersionLoggerListener.log Command line argument: -Djava.util.logging.manager=org.apache.juli.ClassLoaderLogManager
23-Mar-2016 18:17:21.216 INFO [main] org.apache.catalina.startup.VersionLoggerListener.log Command line argument: -Djava.endorsed.dirs=C:\Users\Frank\Desktop\apache-tomcat-8.0.32\endorsed
23-Mar-2016 18:17:21.217 INFO [main] org.apache.catalina.startup.VersionLoggerListener.log Command line argument: -Dcatalina.base=C:\Users\Frank\Desktop\apache-tomcat-8.0.32
23-Mar-2016 18:17:21.218 INFO [main] org.apache.catalina.startup.VersionLoggerListener.log Command line argument: -Dcatalina.home=C:\Users\Frank\Desktop\apache-tomcat-8.0.32
23-Mar-2016 18:17:21.220 INFO [main] org.apache.catalina.startup.VersionLoggerListener.log Command line argument: -Djava.io.tmpdir=C:\Users\Frank\Desktop\apache-tomcat-8.0.32\temp
23-Mar-2016 18:17:21.223 INFO [main] org.apache.catalina.core.AprLifecycleListener.lifecycleEvent Loaded APR based Apache Tomcat Native library 1.2.4 using APR version 1.5.1.
23-Mar-2016 18:17:21.226 INFO [main] org.apache.catalina.core.AprLifecycleListener.lifecycleEvent APR capabilities: IPv6 [true], sendfile [true], accept filters [false], random [true].
23-Mar-2016 18:17:22.324 INFO [main] org.apache.catalina.core.AprLifecycleListener.initializeSSL OpenSSL successfully initialized (OpenSSL 1.0.2e 3 Dec 2015)
23-Mar-2016 18:17:22.999 INFO [main] org.apache.coyote.AbstractProtocol.init Initializing ProtocolHandler ["http-apr-8080"]
23-Mar-2016 18:17:23.032 INFO [main] org.apache.coyote.AbstractProtocol.init Initializing ProtocolHandler ["ajp-apr-8009"]
23-Mar-2016 18:17:23.036 INFO [main] org.apache.catalina.startup.Catalina.load Initialization processed in 2904 ms
23-Mar-2016 18:17:23.107 INFO [main] org.apache.catalina.core.StandardService.startInternal Starting service Catalina
23-Mar-2016 18:17:23.108 INFO [main] org.apache.catalina.core.StandardEngine.startInternal Starting Servlet Engine: Apache Tomcat/8.0.32
23-Mar-2016 18:17:23.323 INFO [localhost-startStop-1] org.apache.catalina.startup.HostConfig.deployWAR Deploying web application archive C:\Users\Frank\Desktop\apache-tomcat-8.0.32\webapps\dubbo-admin-2.8.4.war
23-Mar-2016 18:17:58.540 INFO [localhost-startStop-1] org.apache.jasper.servlet.TldScanner.scanJars At least one JAR was scanned for TLDs yet contained no TLDs. Enable debug logging for this logger for a complete list of JARs that were scanned but no TLDs were found in them. Skipping unneeded JARs during scanning can improve startup time and JSP compilation time.
23-Mar-2016 18:18:41.700 SEVERE [localhost-startStop-1] org.apache.catalina.core.StandardContext.startInternal One or more listeners failed to start. Full details will be found in the appropriate container log file
23-Mar-2016 18:18:41.707 SEVERE [localhost-startStop-1] org.apache.catalina.core.StandardContext.startInternal Context [/dubbo-admin-2.8.4] startup failed due to previous errors
23-Mar-2016 18:18:41.773 WARNING [localhost-startStop-1] org.apache.catalina.loader.WebappClassLoaderBase.clearReferencesThreads The web application [dubbo-admin-2.8.4] appears to have started a thread named [DubboRegistryFailedRetryTimer-thread-1] but has failed to stop it. This is very likely to create a memory leak. Stack trace of thread:
 sun.misc.Unsafe.park(Native Method)
 java.util.concurrent.locks.LockSupport.parkNanos(LockSupport.java:215)
 java.util.concurrent.locks.AbstractQueuedSynchronizer$ConditionObject.awaitNanos(AbstractQueuedSynchronizer.java:2078)
 java.util.concurrent.ScheduledThreadPoolExecutor$DelayedWorkQueue.take(ScheduledThreadPoolExecutor.java:1093)
 java.util.concurrent.ScheduledThreadPoolExecutor$DelayedWorkQueue.take(ScheduledThreadPoolExecutor.java:809)
 java.util.concurrent.ThreadPoolExecutor.getTask(ThreadPoolExecutor.java:1067)
 java.util.concurrent.ThreadPoolExecutor.runWorker(ThreadPoolExecutor.java:1127)
 java.util.concurrent.ThreadPoolExecutor$Worker.run(ThreadPoolExecutor.java:617)
 java.lang.Thread.run(Thread.java:745)
23-Mar-2016 18:18:41.790 INFO [localhost-startStop-1] org.apache.catalina.startup.HostConfig.deployWAR Deployment of web application archive C:\Users\Frank\Desktop\apache-tomcat-8.0.32\webapps\dubbo-admin-2.8.4.war has finished in 78,466 ms
23-Mar-2016 18:18:41.795 INFO [localhost-startStop-1] org.apache.catalina.startup.HostConfig.deployDirectory Deploying web application directory C:\Users\Frank\Desktop\apache-tomcat-8.0.32\webapps\docs
23-Mar-2016 18:18:41.904 INFO [localhost-startStop-1] org.apache.catalina.startup.HostConfig.deployDirectory Deployment of web application directory C:\Users\Frank\Desktop\apache-tomcat-8.0.32\webapps\docs has finished in 109 ms
23-Mar-2016 18:18:41.905 INFO [localhost-startStop-1] org.apache.catalina.startup.HostConfig.deployDirectory Deploying web application directory C:\Users\Frank\Desktop\apache-tomcat-8.0.32\webapps\examples
23-Mar-2016 18:18:44.040 INFO [localhost-startStop-1] org.apache.catalina.startup.HostConfig.deployDirectory Deployment of web application directory C:\Users\Frank\Desktop\apache-tomcat-8.0.32\webapps\examples has finished in 2,135 ms
23-Mar-2016 18:18:44.043 INFO [localhost-startStop-1] org.apache.catalina.startup.HostConfig.deployDirectory Deploying web application directory C:\Users\Frank\Desktop\apache-tomcat-8.0.32\webapps\host-manager
23-Mar-2016 18:18:44.164 INFO [localhost-startStop-1] org.apache.catalina.startup.HostConfig.deployDirectory Deployment of web application directory C:\Users\Frank\Desktop\apache-tomcat-8.0.32\webapps\host-manager has finished in 121 ms
23-Mar-2016 18:18:44.165 INFO [localhost-startStop-1] org.apache.catalina.startup.HostConfig.deployDirectory Deploying web application directory C:\Users\Frank\Desktop\apache-tomcat-8.0.32\webapps\manager
23-Mar-2016 18:18:44.235 INFO [localhost-startStop-1] org.apache.catalina.startup.HostConfig.deployDirectory Deployment of web application directory C:\Users\Frank\Desktop\apache-tomcat-8.0.32\webapps\manager has finished in 69 ms
23-Mar-2016 18:18:44.237 INFO [localhost-startStop-1] org.apache.catalina.startup.HostConfig.deployDirectory Deploying web application directory C:\Users\Frank\Desktop\apache-tomcat-8.0.32\webapps\ROOT
23-Mar-2016 18:18:44.296 INFO [localhost-startStop-1] org.apache.catalina.startup.HostConfig.deployDirectory Deployment of web application directory C:\Users\Frank\Desktop\apache-tomcat-8.0.32\webapps\ROOT has finished in 59 ms
23-Mar-2016 18:18:44.307 INFO [main] org.apache.coyote.AbstractProtocol.start Starting ProtocolHandler ["http-apr-8080"]
23-Mar-2016 18:18:44.334 INFO [main] org.apache.coyote.AbstractProtocol.start Starting ProtocolHandler ["ajp-apr-8009"]
23-Mar-2016 18:18:44.341 INFO [main] org.apache.catalina.startup.Catalina.start Server startup in 81302 ms
23-Mar-2016 18:18:54.616 INFO [Thread-4] org.apache.coyote.AbstractProtocol.pause Pausing ProtocolHandler ["http-apr-8080"]
23-Mar-2016 18:18:54.620 INFO [Thread-4] org.apache.coyote.AbstractProtocol.pause Pausing ProtocolHandler ["ajp-apr-8009"]
23-Mar-2016 18:18:54.623 INFO [Thread-4] org.apache.catalina.core.StandardService.stopInternal Stopping service Catalina
23-Mar-2016 18:18:54.691 INFO [Thread-4] org.apache.coyote.AbstractProtocol.stop Stopping ProtocolHandler ["http-apr-8080"]
23-Mar-2016 18:18:54.743 INFO [Thread-4] org.apache.coyote.AbstractProtocol.stop Stopping ProtocolHandler ["ajp-apr-8009"]
23-Mar-2016 18:18:54.795 INFO [Thread-4] org.apache.coyote.AbstractProtocol.destroy Destroying ProtocolHandler ["http-apr-8080"]
23-Mar-2016 18:18:54.795 INFO [Thread-4] org.apache.coyote.AbstractProtocol.destroy Destroying ProtocolHandler ["ajp-apr-8009"]
23-Mar-2016 18:19:54.672 INFO [main] org.apache.catalina.startup.VersionLoggerListener.log Server version:        Apache Tomcat/8.0.32
23-Mar-2016 18:19:54.697 INFO [main] org.apache.catalina.startup.VersionLoggerListener.log Server built:          Feb 2 2016 19:34:53 UTC
23-Mar-2016 18:19:54.698 INFO [main] org.apache.catalina.startup.VersionLoggerListener.log Server number:         8.0.32.0
23-Mar-2016 18:19:54.699 INFO [main] org.apache.catalina.startup.VersionLoggerListener.log OS Name:               Windows 10
23-Mar-2016 18:19:54.699 INFO [main] org.apache.catalina.startup.VersionLoggerListener.log OS Version:            10.0
23-Mar-2016 18:19:54.700 INFO [main] org.apache.catalina.startup.VersionLoggerListener.log Architecture:          amd64
23-Mar-2016 18:19:54.700 INFO [main] org.apache.catalina.startup.VersionLoggerListener.log Java Home:             C:\Program Files\Java\jdk1.8.0_66\jre
23-Mar-2016 18:19:54.701 INFO [main] org.apache.catalina.startup.VersionLoggerListener.log JVM Version:           1.8.0_66-b18
23-Mar-2016 18:19:54.702 INFO [main] org.apache.catalina.startup.VersionLoggerListener.log JVM Vendor:            Oracle Corporation
23-Mar-2016 18:19:54.702 INFO [main] org.apache.catalina.startup.VersionLoggerListener.log CATALINA_BASE:         C:\Users\Frank\Desktop\apache-tomcat-8.0.32
23-Mar-2016 18:19:54.703 INFO [main] org.apache.catalina.startup.VersionLoggerListener.log CATALINA_HOME:         C:\Users\Frank\Desktop\apache-tomcat-8.0.32
23-Mar-2016 18:19:54.704 INFO [main] org.apache.catalina.startup.VersionLoggerListener.log Command line argument: -Djava.util.logging.config.file=C:\Users\Frank\Desktop\apache-tomcat-8.0.32\conf\logging.properties
23-Mar-2016 18:19:54.705 INFO [main] org.apache.catalina.startup.VersionLoggerListener.log Command line argument: -Djava.util.logging.manager=org.apache.juli.ClassLoaderLogManager
23-Mar-2016 18:19:54.705 INFO [main] org.apache.catalina.startup.VersionLoggerListener.log Command line argument: -Djava.endorsed.dirs=C:\Users\Frank\Desktop\apache-tomcat-8.0.32\endorsed
23-Mar-2016 18:19:54.706 INFO [main] org.apache.catalina.startup.VersionLoggerListener.log Command line argument: -Dcatalina.base=C:\Users\Frank\Desktop\apache-tomcat-8.0.32
23-Mar-2016 18:19:54.707 INFO [main] org.apache.catalina.startup.VersionLoggerListener.log Command line argument: -Dcatalina.home=C:\Users\Frank\Desktop\apache-tomcat-8.0.32
23-Mar-2016 18:19:54.708 INFO [main] org.apache.catalina.startup.VersionLoggerListener.log Command line argument: -Djava.io.tmpdir=C:\Users\Frank\Desktop\apache-tomcat-8.0.32\temp
23-Mar-2016 18:19:54.710 INFO [main] org.apache.catalina.core.AprLifecycleListener.lifecycleEvent Loaded APR based Apache Tomcat Native library 1.2.4 using APR version 1.5.1.
23-Mar-2016 18:19:54.712 INFO [main] org.apache.catalina.core.AprLifecycleListener.lifecycleEvent APR capabilities: IPv6 [true], sendfile [true], accept filters [false], random [true].
23-Mar-2016 18:19:55.760 INFO [main] org.apache.catalina.core.AprLifecycleListener.initializeSSL OpenSSL successfully initialized (OpenSSL 1.0.2e 3 Dec 2015)
23-Mar-2016 18:19:56.249 INFO [main] org.apache.coyote.AbstractProtocol.init Initializing ProtocolHandler ["http-apr-8080"]
23-Mar-2016 18:19:56.280 INFO [main] org.apache.coyote.AbstractProtocol.init Initializing ProtocolHandler ["ajp-apr-8009"]
23-Mar-2016 18:19:56.287 INFO [main] org.apache.catalina.startup.Catalina.load Initialization processed in 2566 ms
23-Mar-2016 18:19:56.361 INFO [main] org.apache.catalina.core.StandardService.startInternal Starting service Catalina
23-Mar-2016 18:19:56.366 INFO [main] org.apache.catalina.core.StandardEngine.startInternal Starting Servlet Engine: Apache Tomcat/8.0.32
23-Mar-2016 18:19:56.446 INFO [localhost-startStop-1] org.apache.catalina.startup.HostConfig.deployWAR Deploying web application archive C:\Users\Frank\Desktop\apache-tomcat-8.0.32\webapps\dubbo-admin-2.8.4.war
23-Mar-2016 18:20:09.888 INFO [localhost-startStop-1] org.apache.jasper.servlet.TldScanner.scanJars At least one JAR was scanned for TLDs yet contained no TLDs. Enable debug logging for this logger for a complete list of JARs that were scanned but no TLDs were found in them. Skipping unneeded JARs during scanning can improve startup time and JSP compilation time.
23-Mar-2016 18:20:57.441 INFO [localhost-startStop-1] org.apache.catalina.startup.HostConfig.deployWAR Deployment of web application archive C:\Users\Frank\Desktop\apache-tomcat-8.0.32\webapps\dubbo-admin-2.8.4.war has finished in 60,994 ms
23-Mar-2016 18:20:57.445 INFO [localhost-startStop-1] org.apache.catalina.startup.HostConfig.deployDirectory Deploying web application directory C:\Users\Frank\Desktop\apache-tomcat-8.0.32\webapps\docs
23-Mar-2016 18:20:57.511 INFO [localhost-startStop-1] org.apache.catalina.startup.HostConfig.deployDirectory Deployment of web application directory C:\Users\Frank\Desktop\apache-tomcat-8.0.32\webapps\docs has finished in 66 ms
23-Mar-2016 18:20:57.513 INFO [localhost-startStop-1] org.apache.catalina.startup.HostConfig.deployDirectory Deploying web application directory C:\Users\Frank\Desktop\apache-tomcat-8.0.32\webapps\examples
23-Mar-2016 18:20:58.407 INFO [localhost-startStop-1] org.apache.catalina.startup.HostConfig.deployDirectory Deployment of web application directory C:\Users\Frank\Desktop\apache-tomcat-8.0.32\webapps\examples has finished in 893 ms
23-Mar-2016 18:20:58.408 INFO [localhost-startStop-1] org.apache.catalina.startup.HostConfig.deployDirectory Deploying web application directory C:\Users\Frank\Desktop\apache-tomcat-8.0.32\webapps\host-manager
23-Mar-2016 18:20:58.498 INFO [localhost-startStop-1] org.apache.catalina.startup.HostConfig.deployDirectory Deployment of web application directory C:\Users\Frank\Desktop\apache-tomcat-8.0.32\webapps\host-manager has finished in 90 ms
23-Mar-2016 18:20:58.501 INFO [localhost-startStop-1] org.apache.catalina.startup.HostConfig.deployDirectory Deploying web application directory C:\Users\Frank\Desktop\apache-tomcat-8.0.32\webapps\manager
23-Mar-2016 18:20:58.593 INFO [localhost-startStop-1] org.apache.catalina.startup.HostConfig.deployDirectory Deployment of web application directory C:\Users\Frank\Desktop\apache-tomcat-8.0.32\webapps\manager has finished in 93 ms
23-Mar-2016 18:20:58.594 INFO [localhost-startStop-1] org.apache.catalina.startup.HostConfig.deployDirectory Deploying web application directory C:\Users\Frank\Desktop\apache-tomcat-8.0.32\webapps\ROOT
23-Mar-2016 18:20:58.659 INFO [localhost-startStop-1] org.apache.catalina.startup.HostConfig.deployDirectory Deployment of web application directory C:\Users\Frank\Desktop\apache-tomcat-8.0.32\webapps\ROOT has finished in 65 ms
23-Mar-2016 18:20:58.670 INFO [main] org.apache.coyote.AbstractProtocol.start Starting ProtocolHandler ["http-apr-8080"]
23-Mar-2016 18:20:58.696 INFO [main] org.apache.coyote.AbstractProtocol.start Starting ProtocolHandler ["ajp-apr-8009"]
23-Mar-2016 18:20:58.702 INFO [main] org.apache.catalina.startup.Catalina.start Server startup in 62412 ms
23-Mar-2016 18:24:00.345 INFO [Thread-4] org.apache.coyote.AbstractProtocol.pause Pausing ProtocolHandler ["http-apr-8080"]
23-Mar-2016 18:24:00.345 INFO [Thread-4] org.apache.coyote.AbstractProtocol.pause Pausing ProtocolHandler ["ajp-apr-8009"]
23-Mar-2016 18:24:00.408 INFO [Thread-4] org.apache.catalina.core.StandardService.stopInternal Stopping service Catalina
23-Mar-2016 18:24:00.595 WARNING [localhost-startStop-2] org.apache.catalina.loader.WebappClassLoaderBase.clearReferencesThreads The web application [dubbo-admin-2.8.4] appears to have started a thread named [DubboRegistryFailedRetryTimer-thread-1] but has failed to stop it. This is very likely to create a memory leak. Stack trace of thread:
 sun.misc.Unsafe.park(Native Method)
 java.util.concurrent.locks.LockSupport.parkNanos(LockSupport.java:215)
 java.util.concurrent.locks.AbstractQueuedSynchronizer$ConditionObject.awaitNanos(AbstractQueuedSynchronizer.java:2078)
 java.util.concurrent.ScheduledThreadPoolExecutor$DelayedWorkQueue.take(ScheduledThreadPoolExecutor.java:1093)
 java.util.concurrent.ScheduledThreadPoolExecutor$DelayedWorkQueue.take(ScheduledThreadPoolExecutor.java:809)
 java.util.concurrent.ThreadPoolExecutor.getTask(ThreadPoolExecutor.java:1067)
 java.util.concurrent.ThreadPoolExecutor.runWorker(ThreadPoolExecutor.java:1127)
 java.util.concurrent.ThreadPoolExecutor$Worker.run(ThreadPoolExecutor.java:617)
 java.lang.Thread.run(Thread.java:745)
23-Mar-2016 18:24:00.595 WARNING [localhost-startStop-2] org.apache.catalina.loader.WebappClassLoaderBase.clearReferencesThreads The web application [dubbo-admin-2.8.4] appears to have started a thread named [localhost-startStop-1-SendThread(127.0.0.1:2183)] but has failed to stop it. This is very likely to create a memory leak. Stack trace of thread:
 sun.nio.ch.WindowsSelectorImpl$SubSelector.poll0(Native Method)
 sun.nio.ch.WindowsSelectorImpl$SubSelector.poll(WindowsSelectorImpl.java:296)
 sun.nio.ch.WindowsSelectorImpl$SubSelector.access$400(WindowsSelectorImpl.java:278)
 sun.nio.ch.WindowsSelectorImpl.doSelect(WindowsSelectorImpl.java:159)
 sun.nio.ch.SelectorImpl.lockAndDoSelect(SelectorImpl.java:86)
 sun.nio.ch.SelectorImpl.select(SelectorImpl.java:97)
 org.apache.zookeeper.ClientCnxnSocketNIO.doTransport(ClientCnxnSocketNIO.java:349)
 org.apache.zookeeper.ClientCnxn$SendThread.run(ClientCnxn.java:1081)
23-Mar-2016 18:24:00.627 WARNING [localhost-startStop-2] org.apache.catalina.loader.WebappClassLoaderBase.clearReferencesThreads The web application [dubbo-admin-2.8.4] appears to have started a thread named [localhost-startStop-1-EventThread] but has failed to stop it. This is very likely to create a memory leak. Stack trace of thread:
 sun.misc.Unsafe.park(Native Method)
 java.util.concurrent.locks.LockSupport.park(LockSupport.java:175)
 java.util.concurrent.locks.AbstractQueuedSynchronizer$ConditionObject.await(AbstractQueuedSynchronizer.java:2039)
 java.util.concurrent.LinkedBlockingQueue.take(LinkedBlockingQueue.java:442)
 org.apache.zookeeper.ClientCnxn$EventThread.run(ClientCnxn.java:494)
23-Mar-2016 18:24:00.642 WARNING [localhost-startStop-2] org.apache.catalina.loader.WebappClassLoaderBase.clearReferencesThreads The web application [dubbo-admin-2.8.4] appears to have started a thread named [DubboShutdownHook] but has failed to stop it. This is very likely to create a memory leak. Stack trace of thread:
 java.lang.Object.wait(Native Method)
 java.lang.Object.wait(Object.java:502)
 org.apache.zookeeper.ClientCnxn.submitRequest(ClientCnxn.java:1342)
 org.apache.zookeeper.ClientCnxn.close(ClientCnxn.java:1314)
 org.apache.zookeeper.ZooKeeper.close(ZooKeeper.java:677)
 org.I0Itec.zkclient.ZkConnection.close(ZkConnection.java:78)
 org.I0Itec.zkclient.ZkClient.close(ZkClient.java:921)
 com.alibaba.dubbo.remoting.zookeeper.zkclient.ZkclientZookeeperClient.doClose(ZkclientZookeeperClient.java:79)
 com.alibaba.dubbo.remoting.zookeeper.support.AbstractZookeeperClient.close(AbstractZookeeperClient.java:96)
 com.alibaba.dubbo.registry.zookeeper.ZookeeperRegistry.destroy(ZookeeperRegistry.java:90)
 com.alibaba.dubbo.registry.support.AbstractRegistryFactory.destroyAll(AbstractRegistryFactory.java:70)
 com.alibaba.dubbo.config.ProtocolConfig.destroyAll(ProtocolConfig.java:463)
 com.alibaba.dubbo.config.AbstractConfig$1.run(AbstractConfig.java:452)
 java.lang.Thread.run(Thread.java:745)
23-Mar-2016 18:24:00.705 INFO [Thread-4] org.apache.coyote.AbstractProtocol.stop Stopping ProtocolHandler ["http-apr-8080"]
23-Mar-2016 18:24:00.767 INFO [Thread-4] org.apache.coyote.AbstractProtocol.stop Stopping ProtocolHandler ["ajp-apr-8009"]
23-Mar-2016 18:24:00.830 INFO [Thread-4] org.apache.coyote.AbstractProtocol.destroy Destroying ProtocolHandler ["http-apr-8080"]
23-Mar-2016 18:24:00.830 INFO [Thread-4] org.apache.coyote.AbstractProtocol.destroy Destroying ProtocolHandler ["ajp-apr-8009"]
23-Mar-2016 18:24:00.845 INFO [localhost-startStop-1-SendThread(127.0.0.1:2183)] org.apache.catalina.loader.WebappClassLoaderBase.checkStateForResourceLoading Illegal access: this web application instance has been stopped already. Could not load [org.apache.zookeeper.server.ZooTrace]. The following stack trace is thrown for debugging purposes as well as to attempt to terminate the thread which caused the illegal access.
 java.lang.IllegalStateException: Illegal access: this web application instance has been stopped already. Could not load [org.apache.zookeeper.server.ZooTrace]. The following stack trace is thrown for debugging purposes as well as to attempt to terminate the thread which caused the illegal access.
	at org.apache.catalina.loader.WebappClassLoaderBase.checkStateForResourceLoading(WebappClassLoaderBase.java:1328)
	at org.apache.catalina.loader.WebappClassLoaderBase.checkStateForClassLoading(WebappClassLoaderBase.java:1316)
	at org.apache.catalina.loader.WebappClassLoaderBase.loadClass(WebappClassLoaderBase.java:1181)
	at org.apache.catalina.loader.WebappClassLoaderBase.loadClass(WebappClassLoaderBase.java:1142)
	at org.apache.zookeeper.ClientCnxn$SendThread.run(ClientCnxn.java:1128)

23-Mar-2016 18:24:00.845 INFO [localhost-startStop-1-SendThread(127.0.0.1:2183)] org.apache.catalina.loader.WebappClassLoaderBase.checkStateForResourceLoading Illegal access: this web application instance has been stopped already. Could not load [org.apache.log4j.spi.ThrowableInformation]. The following stack trace is thrown for debugging purposes as well as to attempt to terminate the thread which caused the illegal access.
 java.lang.IllegalStateException: Illegal access: this web application instance has been stopped already. Could not load [org.apache.log4j.spi.ThrowableInformation]. The following stack trace is thrown for debugging purposes as well as to attempt to terminate the thread which caused the illegal access.
	at org.apache.catalina.loader.WebappClassLoaderBase.checkStateForResourceLoading(WebappClassLoaderBase.java:1328)
	at org.apache.catalina.loader.WebappClassLoaderBase.checkStateForClassLoading(WebappClassLoaderBase.java:1316)
	at org.apache.catalina.loader.WebappClassLoaderBase.loadClass(WebappClassLoaderBase.java:1181)
	at org.apache.catalina.loader.WebappClassLoaderBase.loadClass(WebappClassLoaderBase.java:1142)
	at org.apache.log4j.spi.LoggingEvent.<init>(LoggingEvent.java:165)
	at org.apache.log4j.Category.forcedLog(Category.java:391)
	at org.apache.log4j.Category.log(Category.java:856)
	at org.slf4j.impl.Log4jLoggerAdapter.error(Log4jLoggerAdapter.java:576)
	at org.apache.zookeeper.ClientCnxn$1.uncaughtException(ClientCnxn.java:414)
	at java.lang.Thread.dispatchUncaughtException(Thread.java:1952)

23-Mar-2016 20:14:56.812 INFO [main] org.apache.catalina.startup.VersionLoggerListener.log Server version:        Apache Tomcat/8.0.32
23-Mar-2016 20:14:56.812 INFO [main] org.apache.catalina.startup.VersionLoggerListener.log Server built:          Feb 2 2016 19:34:53 UTC
23-Mar-2016 20:14:56.812 INFO [main] org.apache.catalina.startup.VersionLoggerListener.log Server number:         8.0.32.0
23-Mar-2016 20:14:56.812 INFO [main] org.apache.catalina.startup.VersionLoggerListener.log OS Name:               Windows 10
23-Mar-2016 20:14:56.812 INFO [main] org.apache.catalina.startup.VersionLoggerListener.log OS Version:            10.0
23-Mar-2016 20:14:56.812 INFO [main] org.apache.catalina.startup.VersionLoggerListener.log Architecture:          amd64
23-Mar-2016 20:14:56.812 INFO [main] org.apache.catalina.startup.VersionLoggerListener.log Java Home:             C:\Program Files\Java\jdk1.8.0_66\jre
23-Mar-2016 20:14:56.812 INFO [main] org.apache.catalina.startup.VersionLoggerListener.log JVM Version:           1.8.0_66-b18
23-Mar-2016 20:14:56.812 INFO [main] org.apache.catalina.startup.VersionLoggerListener.log JVM Vendor:            Oracle Corporation
23-Mar-2016 20:14:56.812 INFO [main] org.apache.catalina.startup.VersionLoggerListener.log CATALINA_BASE:         F:\dubboxTest\apache-tomcat-8.0.32
23-Mar-2016 20:14:56.812 INFO [main] org.apache.catalina.startup.VersionLoggerListener.log CATALINA_HOME:         F:\dubboxTest\apache-tomcat-8.0.32
23-Mar-2016 20:14:56.812 INFO [main] org.apache.catalina.startup.VersionLoggerListener.log Command line argument: -Djava.util.logging.config.file=F:\dubboxTest\apache-tomcat-8.0.32\conf\logging.properties
23-Mar-2016 20:14:56.812 INFO [main] org.apache.catalina.startup.VersionLoggerListener.log Command line argument: -Djava.util.logging.manager=org.apache.juli.ClassLoaderLogManager
23-Mar-2016 20:14:56.812 INFO [main] org.apache.catalina.startup.VersionLoggerListener.log Command line argument: -Djava.endorsed.dirs=F:\dubboxTest\apache-tomcat-8.0.32\endorsed
23-Mar-2016 20:14:56.812 INFO [main] org.apache.catalina.startup.VersionLoggerListener.log Command line argument: -Dcatalina.base=F:\dubboxTest\apache-tomcat-8.0.32
23-Mar-2016 20:14:56.812 INFO [main] org.apache.catalina.startup.VersionLoggerListener.log Command line argument: -Dcatalina.home=F:\dubboxTest\apache-tomcat-8.0.32
23-Mar-2016 20:14:56.828 INFO [main] org.apache.catalina.startup.VersionLoggerListener.log Command line argument: -Djava.io.tmpdir=F:\dubboxTest\apache-tomcat-8.0.32\temp
23-Mar-2016 20:14:56.828 INFO [main] org.apache.catalina.core.AprLifecycleListener.lifecycleEvent Loaded APR based Apache Tomcat Native library 1.2.4 using APR version 1.5.1.
23-Mar-2016 20:14:56.844 INFO [main] org.apache.catalina.core.AprLifecycleListener.lifecycleEvent APR capabilities: IPv6 [true], sendfile [true], accept filters [false], random [true].
23-Mar-2016 20:14:57.970 INFO [main] org.apache.catalina.core.AprLifecycleListener.initializeSSL OpenSSL successfully initialized (OpenSSL 1.0.2e 3 Dec 2015)
23-Mar-2016 20:14:59.595 INFO [main] org.apache.coyote.AbstractProtocol.init Initializing ProtocolHandler ["http-apr-8080"]
23-Mar-2016 20:14:59.626 INFO [main] org.apache.coyote.AbstractProtocol.init Initializing ProtocolHandler ["ajp-apr-8009"]
23-Mar-2016 20:14:59.626 INFO [main] org.apache.catalina.startup.Catalina.load Initialization processed in 5808 ms
23-Mar-2016 20:14:59.813 INFO [main] org.apache.catalina.core.StandardService.startInternal Starting service Catalina
23-Mar-2016 20:14:59.829 INFO [main] org.apache.catalina.core.StandardEngine.startInternal Starting Servlet Engine: Apache Tomcat/8.0.32
23-Mar-2016 20:15:00.006 INFO [localhost-startStop-1] org.apache.catalina.startup.HostConfig.deployWAR Deploying web application archive F:\dubboxTest\apache-tomcat-8.0.32\webapps\dubbo-admin-2.8.4.war
23-Mar-2016 20:15:21.260 INFO [localhost-startStop-1] org.apache.jasper.servlet.TldScanner.scanJars At least one JAR was scanned for TLDs yet contained no TLDs. Enable debug logging for this logger for a complete list of JARs that were scanned but no TLDs were found in them. Skipping unneeded JARs during scanning can improve startup time and JSP compilation time.
23-Mar-2016 20:16:21.211 INFO [localhost-startStop-1] org.apache.catalina.startup.HostConfig.deployWAR Deployment of web application archive F:\dubboxTest\apache-tomcat-8.0.32\webapps\dubbo-admin-2.8.4.war has finished in 81,205 ms
23-Mar-2016 20:16:21.211 INFO [localhost-startStop-1] org.apache.catalina.startup.HostConfig.deployDirectory Deploying web application directory F:\dubboxTest\apache-tomcat-8.0.32\webapps\docs
23-Mar-2016 20:16:21.336 INFO [localhost-startStop-1] org.apache.catalina.startup.HostConfig.deployDirectory Deployment of web application directory F:\dubboxTest\apache-tomcat-8.0.32\webapps\docs has finished in 125 ms
23-Mar-2016 20:16:21.336 INFO [localhost-startStop-1] org.apache.catalina.startup.HostConfig.deployDirectory Deploying web application directory F:\dubboxTest\apache-tomcat-8.0.32\webapps\examples
23-Mar-2016 20:16:25.024 INFO [localhost-startStop-1] org.apache.catalina.startup.HostConfig.deployDirectory Deployment of web application directory F:\dubboxTest\apache-tomcat-8.0.32\webapps\examples has finished in 3,688 ms
23-Mar-2016 20:16:25.024 INFO [localhost-startStop-1] org.apache.catalina.startup.HostConfig.deployDirectory Deploying web application directory F:\dubboxTest\apache-tomcat-8.0.32\webapps\host-manager
23-Mar-2016 20:16:25.196 INFO [localhost-startStop-1] org.apache.catalina.startup.HostConfig.deployDirectory Deployment of web application directory F:\dubboxTest\apache-tomcat-8.0.32\webapps\host-manager has finished in 172 ms
23-Mar-2016 20:16:25.196 INFO [localhost-startStop-1] org.apache.catalina.startup.HostConfig.deployDirectory Deploying web application directory F:\dubboxTest\apache-tomcat-8.0.32\webapps\manager
23-Mar-2016 20:16:25.321 INFO [localhost-startStop-1] org.apache.catalina.startup.HostConfig.deployDirectory Deployment of web application directory F:\dubboxTest\apache-tomcat-8.0.32\webapps\manager has finished in 125 ms
23-Mar-2016 20:16:25.321 INFO [localhost-startStop-1] org.apache.catalina.startup.HostConfig.deployDirectory Deploying web application directory F:\dubboxTest\apache-tomcat-8.0.32\webapps\ROOT
23-Mar-2016 20:16:25.430 INFO [localhost-startStop-1] org.apache.catalina.startup.HostConfig.deployDirectory Deployment of web application directory F:\dubboxTest\apache-tomcat-8.0.32\webapps\ROOT has finished in 109 ms
23-Mar-2016 20:16:25.430 INFO [main] org.apache.coyote.AbstractProtocol.start Starting ProtocolHandler ["http-apr-8080"]
23-Mar-2016 20:16:25.477 INFO [main] org.apache.coyote.AbstractProtocol.start Starting ProtocolHandler ["ajp-apr-8009"]
23-Mar-2016 20:16:25.477 INFO [main] org.apache.catalina.startup.Catalina.start Server startup in 85852 ms
23-Mar-2016 20:21:05.332 INFO [Thread-4] org.apache.coyote.AbstractProtocol.pause Pausing ProtocolHandler ["http-apr-8080"]
23-Mar-2016 20:21:05.332 INFO [Thread-4] org.apache.coyote.AbstractProtocol.pause Pausing ProtocolHandler ["ajp-apr-8009"]
23-Mar-2016 20:21:05.332 INFO [Thread-4] org.apache.catalina.core.StandardService.stopInternal Stopping service Catalina
23-Mar-2016 20:21:05.551 WARNING [localhost-startStop-2] org.apache.catalina.loader.WebappClassLoaderBase.clearReferencesThreads The web application [dubbo-admin-2.8.4] appears to have started a thread named [DubboRegistryFailedRetryTimer-thread-1] but has failed to stop it. This is very likely to create a memory leak. Stack trace of thread:
 sun.misc.Unsafe.park(Native Method)
 java.util.concurrent.locks.LockSupport.parkNanos(LockSupport.java:215)
 java.util.concurrent.locks.AbstractQueuedSynchronizer$ConditionObject.awaitNanos(AbstractQueuedSynchronizer.java:2078)
 java.util.concurrent.ScheduledThreadPoolExecutor$DelayedWorkQueue.take(ScheduledThreadPoolExecutor.java:1093)
 java.util.concurrent.ScheduledThreadPoolExecutor$DelayedWorkQueue.take(ScheduledThreadPoolExecutor.java:809)
 java.util.concurrent.ThreadPoolExecutor.getTask(ThreadPoolExecutor.java:1067)
 java.util.concurrent.ThreadPoolExecutor.runWorker(ThreadPoolExecutor.java:1127)
 java.util.concurrent.ThreadPoolExecutor$Worker.run(ThreadPoolExecutor.java:617)
 java.lang.Thread.run(Thread.java:745)
23-Mar-2016 20:21:05.566 WARNING [localhost-startStop-2] org.apache.catalina.loader.WebappClassLoaderBase.clearReferencesThreads The web application [dubbo-admin-2.8.4] appears to have started a thread named [localhost-startStop-1-SendThread(127.0.0.1:2183)] but has failed to stop it. This is very likely to create a memory leak. Stack trace of thread:
 sun.nio.ch.WindowsSelectorImpl$SubSelector.poll0(Native Method)
 sun.nio.ch.WindowsSelectorImpl$SubSelector.poll(WindowsSelectorImpl.java:296)
 sun.nio.ch.WindowsSelectorImpl$SubSelector.access$400(WindowsSelectorImpl.java:278)
 sun.nio.ch.WindowsSelectorImpl.doSelect(WindowsSelectorImpl.java:159)
 sun.nio.ch.SelectorImpl.lockAndDoSelect(SelectorImpl.java:86)
 sun.nio.ch.SelectorImpl.select(SelectorImpl.java:97)
 org.apache.zookeeper.ClientCnxnSocketNIO.doTransport(ClientCnxnSocketNIO.java:349)
 org.apache.zookeeper.ClientCnxn$SendThread.run(ClientCnxn.java:1081)
23-Mar-2016 20:21:05.566 WARNING [localhost-startStop-2] org.apache.catalina.loader.WebappClassLoaderBase.clearReferencesThreads The web application [dubbo-admin-2.8.4] appears to have started a thread named [localhost-startStop-1-EventThread] but has failed to stop it. This is very likely to create a memory leak. Stack trace of thread:
 sun.misc.Unsafe.park(Native Method)
 java.util.concurrent.locks.LockSupport.park(LockSupport.java:175)
 java.util.concurrent.locks.AbstractQueuedSynchronizer$ConditionObject.await(AbstractQueuedSynchronizer.java:2039)
 java.util.concurrent.LinkedBlockingQueue.take(LinkedBlockingQueue.java:442)
 org.apache.zookeeper.ClientCnxn$EventThread.run(ClientCnxn.java:494)
23-Mar-2016 20:21:05.566 WARNING [localhost-startStop-2] org.apache.catalina.loader.WebappClassLoaderBase.clearReferencesThreads The web application [dubbo-admin-2.8.4] appears to have started a thread named [DubboShutdownHook] but has failed to stop it. This is very likely to create a memory leak. Stack trace of thread:
 java.lang.Object.wait(Native Method)
 java.lang.Object.wait(Object.java:502)
 org.apache.zookeeper.ClientCnxn.submitRequest(ClientCnxn.java:1342)
 org.apache.zookeeper.ClientCnxn.close(ClientCnxn.java:1314)
 org.apache.zookeeper.ZooKeeper.close(ZooKeeper.java:677)
 org.I0Itec.zkclient.ZkConnection.close(ZkConnection.java:78)
 org.I0Itec.zkclient.ZkClient.close(ZkClient.java:921)
 com.alibaba.dubbo.remoting.zookeeper.zkclient.ZkclientZookeeperClient.doClose(ZkclientZookeeperClient.java:79)
 com.alibaba.dubbo.remoting.zookeeper.support.AbstractZookeeperClient.close(AbstractZookeeperClient.java:96)
 com.alibaba.dubbo.registry.zookeeper.ZookeeperRegistry.destroy(ZookeeperRegistry.java:90)
 com.alibaba.dubbo.registry.support.AbstractRegistryFactory.destroyAll(AbstractRegistryFactory.java:70)
 com.alibaba.dubbo.config.ProtocolConfig.destroyAll(ProtocolConfig.java:463)
 com.alibaba.dubbo.config.AbstractConfig$1.run(AbstractConfig.java:452)
 java.lang.Thread.run(Thread.java:745)
23-Mar-2016 20:21:05.613 INFO [Thread-4] org.apache.coyote.AbstractProtocol.stop Stopping ProtocolHandler ["http-apr-8080"]
23-Mar-2016 20:21:05.676 INFO [Thread-4] org.apache.coyote.AbstractProtocol.stop Stopping ProtocolHandler ["ajp-apr-8009"]
23-Mar-2016 20:21:05.738 INFO [localhost-startStop-1-SendThread(127.0.0.1:2183)] org.apache.catalina.loader.WebappClassLoaderBase.checkStateForResourceLoading Illegal access: this web application instance has been stopped already. Could not load [org.apache.zookeeper.server.ZooTrace]. The following stack trace is thrown for debugging purposes as well as to attempt to terminate the thread which caused the illegal access.
 java.lang.IllegalStateException: Illegal access: this web application instance has been stopped already. Could not load [org.apache.zookeeper.server.ZooTrace]. The following stack trace is thrown for debugging purposes as well as to attempt to terminate the thread which caused the illegal access.
	at org.apache.catalina.loader.WebappClassLoaderBase.checkStateForResourceLoading(WebappClassLoaderBase.java:1328)
	at org.apache.catalina.loader.WebappClassLoaderBase.checkStateForClassLoading(WebappClassLoaderBase.java:1316)
	at org.apache.catalina.loader.WebappClassLoaderBase.loadClass(WebappClassLoaderBase.java:1181)
	at org.apache.catalina.loader.WebappClassLoaderBase.loadClass(WebappClassLoaderBase.java:1142)
	at org.apache.zookeeper.ClientCnxn$SendThread.run(ClientCnxn.java:1128)

23-Mar-2016 20:21:05.738 INFO [localhost-startStop-1-SendThread(127.0.0.1:2183)] org.apache.catalina.loader.WebappClassLoaderBase.checkStateForResourceLoading Illegal access: this web application instance has been stopped already. Could not load [org.apache.log4j.spi.ThrowableInformation]. The following stack trace is thrown for debugging purposes as well as to attempt to terminate the thread which caused the illegal access.
 java.lang.IllegalStateException: Illegal access: this web application instance has been stopped already. Could not load [org.apache.log4j.spi.ThrowableInformation]. The following stack trace is thrown for debugging purposes as well as to attempt to terminate the thread which caused the illegal access.
	at org.apache.catalina.loader.WebappClassLoaderBase.checkStateForResourceLoading(WebappClassLoaderBase.java:1328)
	at org.apache.catalina.loader.WebappClassLoaderBase.checkStateForClassLoading(WebappClassLoaderBase.java:1316)
	at org.apache.catalina.loader.WebappClassLoaderBase.loadClass(WebappClassLoaderBase.java:1181)
	at org.apache.catalina.loader.WebappClassLoaderBase.loadClass(WebappClassLoaderBase.java:1142)
	at org.apache.log4j.spi.LoggingEvent.<init>(LoggingEvent.java:165)
	at org.apache.log4j.Category.forcedLog(Category.java:391)
	at org.apache.log4j.Category.log(Category.java:856)
	at org.slf4j.impl.Log4jLoggerAdapter.error(Log4jLoggerAdapter.java:576)
	at org.apache.zookeeper.ClientCnxn$1.uncaughtException(ClientCnxn.java:414)
	at java.lang.Thread.dispatchUncaughtException(Thread.java:1952)

23-Mar-2016 20:21:05.754 INFO [Thread-4] org.apache.coyote.AbstractProtocol.destroy Destroying ProtocolHandler ["http-apr-8080"]
23-Mar-2016 20:21:05.769 INFO [Thread-4] org.apache.coyote.AbstractProtocol.destroy Destroying ProtocolHandler ["ajp-apr-8009"]
23-Mar-2016 20:39:37.824 INFO [main] org.apache.catalina.startup.VersionLoggerListener.log Server version:        Apache Tomcat/8.0.32
23-Mar-2016 20:39:37.824 INFO [main] org.apache.catalina.startup.VersionLoggerListener.log Server built:          Feb 2 2016 19:34:53 UTC
23-Mar-2016 20:39:37.824 INFO [main] org.apache.catalina.startup.VersionLoggerListener.log Server number:         8.0.32.0
23-Mar-2016 20:39:37.824 INFO [main] org.apache.catalina.startup.VersionLoggerListener.log OS Name:               Windows 10
23-Mar-2016 20:39:37.824 INFO [main] org.apache.catalina.startup.VersionLoggerListener.log OS Version:            10.0
23-Mar-2016 20:39:37.824 INFO [main] org.apache.catalina.startup.VersionLoggerListener.log Architecture:          amd64
23-Mar-2016 20:39:37.824 INFO [main] org.apache.catalina.startup.VersionLoggerListener.log Java Home:             C:\Program Files\Java\jdk1.8.0_66\jre
23-Mar-2016 20:39:37.824 INFO [main] org.apache.catalina.startup.VersionLoggerListener.log JVM Version:           1.8.0_66-b18
23-Mar-2016 20:39:37.824 INFO [main] org.apache.catalina.startup.VersionLoggerListener.log JVM Vendor:            Oracle Corporation
23-Mar-2016 20:39:37.824 INFO [main] org.apache.catalina.startup.VersionLoggerListener.log CATALINA_BASE:         F:\dubboxTest\apache-tomcat-8.0.32
23-Mar-2016 20:39:37.824 INFO [main] org.apache.catalina.startup.VersionLoggerListener.log CATALINA_HOME:         F:\dubboxTest\apache-tomcat-8.0.32
23-Mar-2016 20:39:37.840 INFO [main] org.apache.catalina.startup.VersionLoggerListener.log Command line argument: -Djava.util.logging.config.file=F:\dubboxTest\apache-tomcat-8.0.32\conf\logging.properties
23-Mar-2016 20:39:37.840 INFO [main] org.apache.catalina.startup.VersionLoggerListener.log Command line argument: -Djava.util.logging.manager=org.apache.juli.ClassLoaderLogManager
23-Mar-2016 20:39:37.840 INFO [main] org.apache.catalina.startup.VersionLoggerListener.log Command line argument: -Djava.endorsed.dirs=F:\dubboxTest\apache-tomcat-8.0.32\endorsed
23-Mar-2016 20:39:37.840 INFO [main] org.apache.catalina.startup.VersionLoggerListener.log Command line argument: -Dcatalina.base=F:\dubboxTest\apache-tomcat-8.0.32
23-Mar-2016 20:39:37.840 INFO [main] org.apache.catalina.startup.VersionLoggerListener.log Command line argument: -Dcatalina.home=F:\dubboxTest\apache-tomcat-8.0.32
23-Mar-2016 20:39:37.840 INFO [main] org.apache.catalina.startup.VersionLoggerListener.log Command line argument: -Djava.io.tmpdir=F:\dubboxTest\apache-tomcat-8.0.32\temp
23-Mar-2016 20:39:37.840 INFO [main] org.apache.catalina.core.AprLifecycleListener.lifecycleEvent Loaded APR based Apache Tomcat Native library 1.2.4 using APR version 1.5.1.
23-Mar-2016 20:39:37.840 INFO [main] org.apache.catalina.core.AprLifecycleListener.lifecycleEvent APR capabilities: IPv6 [true], sendfile [true], accept filters [false], random [true].
23-Mar-2016 20:39:38.902 INFO [main] org.apache.catalina.core.AprLifecycleListener.initializeSSL OpenSSL successfully initialized (OpenSSL 1.0.2e 3 Dec 2015)
23-Mar-2016 20:39:39.359 INFO [main] org.apache.coyote.AbstractProtocol.init Initializing ProtocolHandler ["http-apr-8080"]
23-Mar-2016 20:39:39.375 INFO [main] org.apache.coyote.AbstractProtocol.init Initializing ProtocolHandler ["ajp-apr-8009"]
23-Mar-2016 20:39:39.390 INFO [main] org.apache.catalina.startup.Catalina.load Initialization processed in 2587 ms
23-Mar-2016 20:39:39.453 INFO [main] org.apache.catalina.core.StandardService.startInternal Starting service Catalina
23-Mar-2016 20:39:39.453 INFO [main] org.apache.catalina.core.StandardEngine.startInternal Starting Servlet Engine: Apache Tomcat/8.0.32
23-Mar-2016 20:39:39.515 INFO [localhost-startStop-1] org.apache.catalina.startup.HostConfig.deployWAR Deploying web application archive F:\dubboxTest\apache-tomcat-8.0.32\webapps\dubbo-admin-2.8.4.war
23-Mar-2016 20:39:51.462 INFO [localhost-startStop-1] org.apache.jasper.servlet.TldScanner.scanJars At least one JAR was scanned for TLDs yet contained no TLDs. Enable debug logging for this logger for a complete list of JARs that were scanned but no TLDs were found in them. Skipping unneeded JARs during scanning can improve startup time and JSP compilation time.
23-Mar-2016 20:40:47.372 INFO [localhost-startStop-1] org.apache.catalina.startup.HostConfig.deployWAR Deployment of web application archive F:\dubboxTest\apache-tomcat-8.0.32\webapps\dubbo-admin-2.8.4.war has finished in 67,857 ms
23-Mar-2016 20:40:47.372 INFO [localhost-startStop-1] org.apache.catalina.startup.HostConfig.deployDirectory Deploying web application directory F:\dubboxTest\apache-tomcat-8.0.32\webapps\docs
23-Mar-2016 20:40:47.419 INFO [localhost-startStop-1] org.apache.catalina.startup.HostConfig.deployDirectory Deployment of web application directory F:\dubboxTest\apache-tomcat-8.0.32\webapps\docs has finished in 47 ms
23-Mar-2016 20:40:47.419 INFO [localhost-startStop-1] org.apache.catalina.startup.HostConfig.deployDirectory Deploying web application directory F:\dubboxTest\apache-tomcat-8.0.32\webapps\examples
23-Mar-2016 20:40:48.218 INFO [localhost-startStop-1] org.apache.catalina.startup.HostConfig.deployDirectory Deployment of web application directory F:\dubboxTest\apache-tomcat-8.0.32\webapps\examples has finished in 799 ms
23-Mar-2016 20:40:48.220 INFO [localhost-startStop-1] org.apache.catalina.startup.HostConfig.deployDirectory Deploying web application directory F:\dubboxTest\apache-tomcat-8.0.32\webapps\host-manager
23-Mar-2016 20:40:48.277 INFO [localhost-startStop-1] org.apache.catalina.startup.HostConfig.deployDirectory Deployment of web application directory F:\dubboxTest\apache-tomcat-8.0.32\webapps\host-manager has finished in 57 ms
23-Mar-2016 20:40:48.286 INFO [localhost-startStop-1] org.apache.catalina.startup.HostConfig.deployDirectory Deploying web application directory F:\dubboxTest\apache-tomcat-8.0.32\webapps\manager
23-Mar-2016 20:40:48.341 INFO [localhost-startStop-1] org.apache.catalina.startup.HostConfig.deployDirectory Deployment of web application directory F:\dubboxTest\apache-tomcat-8.0.32\webapps\manager has finished in 55 ms
23-Mar-2016 20:40:48.341 INFO [localhost-startStop-1] org.apache.catalina.startup.HostConfig.deployDirectory Deploying web application directory F:\dubboxTest\apache-tomcat-8.0.32\webapps\ROOT
23-Mar-2016 20:40:48.388 INFO [localhost-startStop-1] org.apache.catalina.startup.HostConfig.deployDirectory Deployment of web application directory F:\dubboxTest\apache-tomcat-8.0.32\webapps\ROOT has finished in 47 ms
23-Mar-2016 20:40:48.404 INFO [main] org.apache.coyote.AbstractProtocol.start Starting ProtocolHandler ["http-apr-8080"]
23-Mar-2016 20:40:48.420 INFO [main] org.apache.coyote.AbstractProtocol.start Starting ProtocolHandler ["ajp-apr-8009"]
23-Mar-2016 20:40:48.435 INFO [main] org.apache.catalina.startup.Catalina.start Server startup in 69046 ms
23-Mar-2016 20:56:15.682 INFO [Thread-4] org.apache.coyote.AbstractProtocol.pause Pausing ProtocolHandler ["http-apr-8080"]
23-Mar-2016 20:56:15.729 INFO [Thread-4] org.apache.coyote.AbstractProtocol.pause Pausing ProtocolHandler ["ajp-apr-8009"]
23-Mar-2016 20:56:15.729 INFO [Thread-4] org.apache.catalina.core.StandardService.stopInternal Stopping service Catalina
23-Mar-2016 20:56:15.917 WARNING [localhost-startStop-2] org.apache.catalina.loader.WebappClassLoaderBase.clearReferencesThreads The web application [dubbo-admin-2.8.4] appears to have started a thread named [DubboRegistryFailedRetryTimer-thread-1] but has failed to stop it. This is very likely to create a memory leak. Stack trace of thread:
 sun.misc.Unsafe.park(Native Method)
 java.util.concurrent.locks.LockSupport.park(LockSupport.java:175)
 java.util.concurrent.locks.AbstractQueuedSynchronizer$ConditionObject.await(AbstractQueuedSynchronizer.java:2039)
 java.util.concurrent.ScheduledThreadPoolExecutor$DelayedWorkQueue.take(ScheduledThreadPoolExecutor.java:1081)
 java.util.concurrent.ScheduledThreadPoolExecutor$DelayedWorkQueue.take(ScheduledThreadPoolExecutor.java:809)
 java.util.concurrent.ThreadPoolExecutor.getTask(ThreadPoolExecutor.java:1067)
 java.util.concurrent.ThreadPoolExecutor.runWorker(ThreadPoolExecutor.java:1127)
 java.util.concurrent.ThreadPoolExecutor$Worker.run(ThreadPoolExecutor.java:617)
 java.lang.Thread.run(Thread.java:745)
23-Mar-2016 20:56:15.932 WARNING [localhost-startStop-2] org.apache.catalina.loader.WebappClassLoaderBase.clearReferencesThreads The web application [dubbo-admin-2.8.4] appears to have started a thread named [localhost-startStop-1-SendThread(127.0.0.1:2181)] but has failed to stop it. This is very likely to create a memory leak. Stack trace of thread:
 sun.nio.ch.WindowsSelectorImpl$SubSelector.poll0(Native Method)
 sun.nio.ch.WindowsSelectorImpl$SubSelector.poll(WindowsSelectorImpl.java:296)
 sun.nio.ch.WindowsSelectorImpl$SubSelector.access$400(WindowsSelectorImpl.java:278)
 sun.nio.ch.WindowsSelectorImpl.doSelect(WindowsSelectorImpl.java:159)
 sun.nio.ch.SelectorImpl.lockAndDoSelect(SelectorImpl.java:86)
 sun.nio.ch.SelectorImpl.select(SelectorImpl.java:97)
 org.apache.zookeeper.ClientCnxnSocketNIO.doTransport(ClientCnxnSocketNIO.java:349)
 org.apache.zookeeper.ClientCnxn$SendThread.run(ClientCnxn.java:1081)
23-Mar-2016 20:56:15.948 WARNING [localhost-startStop-2] org.apache.catalina.loader.WebappClassLoaderBase.clearReferencesThreads The web application [dubbo-admin-2.8.4] appears to have started a thread named [localhost-startStop-1-EventThread] but has failed to stop it. This is very likely to create a memory leak. Stack trace of thread:
 sun.misc.Unsafe.park(Native Method)
 java.util.concurrent.locks.LockSupport.park(LockSupport.java:175)
 java.util.concurrent.locks.AbstractQueuedSynchronizer$ConditionObject.await(AbstractQueuedSynchronizer.java:2039)
 java.util.concurrent.LinkedBlockingQueue.take(LinkedBlockingQueue.java:442)
 org.apache.zookeeper.ClientCnxn$EventThread.run(ClientCnxn.java:494)
23-Mar-2016 20:56:15.964 WARNING [localhost-startStop-2] org.apache.catalina.loader.WebappClassLoaderBase.clearReferencesThreads The web application [dubbo-admin-2.8.4] appears to have started a thread named [DubboShutdownHook] but has failed to stop it. This is very likely to create a memory leak. Stack trace of thread:
 java.lang.Object.wait(Native Method)
 java.lang.Object.wait(Object.java:502)
 org.apache.zookeeper.ClientCnxn.submitRequest(ClientCnxn.java:1342)
 org.apache.zookeeper.ClientCnxn.close(ClientCnxn.java:1314)
 org.apache.zookeeper.ZooKeeper.close(ZooKeeper.java:677)
 org.I0Itec.zkclient.ZkConnection.close(ZkConnection.java:78)
 org.I0Itec.zkclient.ZkClient.close(ZkClient.java:921)
 com.alibaba.dubbo.remoting.zookeeper.zkclient.ZkclientZookeeperClient.doClose(ZkclientZookeeperClient.java:79)
 com.alibaba.dubbo.remoting.zookeeper.support.AbstractZookeeperClient.close(AbstractZookeeperClient.java:96)
 com.alibaba.dubbo.registry.zookeeper.ZookeeperRegistry.destroy(ZookeeperRegistry.java:90)
 com.alibaba.dubbo.registry.support.AbstractRegistryFactory.destroyAll(AbstractRegistryFactory.java:70)
 com.alibaba.dubbo.config.ProtocolConfig.destroyAll(ProtocolConfig.java:463)
 com.alibaba.dubbo.config.AbstractConfig$1.run(AbstractConfig.java:452)
 java.lang.Thread.run(Thread.java:745)
23-Mar-2016 20:56:16.010 INFO [Thread-4] org.apache.coyote.AbstractProtocol.stop Stopping ProtocolHandler ["http-apr-8080"]
23-Mar-2016 20:56:16.073 INFO [Thread-4] org.apache.coyote.AbstractProtocol.stop Stopping ProtocolHandler ["ajp-apr-8009"]
23-Mar-2016 20:56:16.135 INFO [Thread-4] org.apache.coyote.AbstractProtocol.destroy Destroying ProtocolHandler ["http-apr-8080"]
23-Mar-2016 20:56:16.135 INFO [Thread-4] org.apache.coyote.AbstractProtocol.destroy Destroying ProtocolHandler ["ajp-apr-8009"]
23-Mar-2016 21:12:30.106 INFO [main] org.apache.catalina.startup.VersionLoggerListener.log Server version:        Apache Tomcat/8.0.32
23-Mar-2016 21:12:30.109 INFO [main] org.apache.catalina.startup.VersionLoggerListener.log Server built:          Feb 2 2016 19:34:53 UTC
23-Mar-2016 21:12:30.109 INFO [main] org.apache.catalina.startup.VersionLoggerListener.log Server number:         8.0.32.0
23-Mar-2016 21:12:30.110 INFO [main] org.apache.catalina.startup.VersionLoggerListener.log OS Name:               Windows 10
23-Mar-2016 21:12:30.111 INFO [main] org.apache.catalina.startup.VersionLoggerListener.log OS Version:            10.0
23-Mar-2016 21:12:30.111 INFO [main] org.apache.catalina.startup.VersionLoggerListener.log Architecture:          amd64
23-Mar-2016 21:12:30.112 INFO [main] org.apache.catalina.startup.VersionLoggerListener.log Java Home:             C:\Program Files\Java\jdk1.8.0_66\jre
23-Mar-2016 21:12:30.113 INFO [main] org.apache.catalina.startup.VersionLoggerListener.log JVM Version:           1.8.0_66-b18
23-Mar-2016 21:12:30.113 INFO [main] org.apache.catalina.startup.VersionLoggerListener.log JVM Vendor:            Oracle Corporation
23-Mar-2016 21:12:30.114 INFO [main] org.apache.catalina.startup.VersionLoggerListener.log CATALINA_BASE:         F:\dubboxTest\apache-tomcat-8.0.32
23-Mar-2016 21:12:30.114 INFO [main] org.apache.catalina.startup.VersionLoggerListener.log CATALINA_HOME:         F:\dubboxTest\apache-tomcat-8.0.32
23-Mar-2016 21:12:30.116 INFO [main] org.apache.catalina.startup.VersionLoggerListener.log Command line argument: -Djava.util.logging.config.file=F:\dubboxTest\apache-tomcat-8.0.32\conf\logging.properties
23-Mar-2016 21:12:30.117 INFO [main] org.apache.catalina.startup.VersionLoggerListener.log Command line argument: -Djava.util.logging.manager=org.apache.juli.ClassLoaderLogManager
23-Mar-2016 21:12:30.117 INFO [main] org.apache.catalina.startup.VersionLoggerListener.log Command line argument: -Djava.endorsed.dirs=F:\dubboxTest\apache-tomcat-8.0.32\endorsed
23-Mar-2016 21:12:30.118 INFO [main] org.apache.catalina.startup.VersionLoggerListener.log Command line argument: -Dcatalina.base=F:\dubboxTest\apache-tomcat-8.0.32
23-Mar-2016 21:12:30.118 INFO [main] org.apache.catalina.startup.VersionLoggerListener.log Command line argument: -Dcatalina.home=F:\dubboxTest\apache-tomcat-8.0.32
23-Mar-2016 21:12:30.119 INFO [main] org.apache.catalina.startup.VersionLoggerListener.log Command line argument: -Djava.io.tmpdir=F:\dubboxTest\apache-tomcat-8.0.32\temp
23-Mar-2016 21:12:30.121 INFO [main] org.apache.catalina.core.AprLifecycleListener.lifecycleEvent Loaded APR based Apache Tomcat Native library 1.2.4 using APR version 1.5.1.
23-Mar-2016 21:12:30.122 INFO [main] org.apache.catalina.core.AprLifecycleListener.lifecycleEvent APR capabilities: IPv6 [true], sendfile [true], accept filters [false], random [true].
23-Mar-2016 21:12:31.179 INFO [main] org.apache.catalina.core.AprLifecycleListener.initializeSSL OpenSSL successfully initialized (OpenSSL 1.0.2e 3 Dec 2015)
23-Mar-2016 21:12:31.503 INFO [main] org.apache.coyote.AbstractProtocol.init Initializing ProtocolHandler ["http-apr-8080"]
23-Mar-2016 21:12:31.526 INFO [main] org.apache.coyote.AbstractProtocol.init Initializing ProtocolHandler ["ajp-apr-8009"]
23-Mar-2016 21:12:31.529 INFO [main] org.apache.catalina.startup.Catalina.load Initialization processed in 2324 ms
23-Mar-2016 21:12:31.599 INFO [main] org.apache.catalina.core.StandardService.startInternal Starting service Catalina
23-Mar-2016 21:12:31.601 INFO [main] org.apache.catalina.core.StandardEngine.startInternal Starting Servlet Engine: Apache Tomcat/8.0.32
23-Mar-2016 21:12:31.666 INFO [localhost-startStop-1] org.apache.catalina.startup.HostConfig.deployWAR Deploying web application archive F:\dubboxTest\apache-tomcat-8.0.32\webapps\dubbo-admin-2.8.4.war
23-Mar-2016 21:12:49.485 INFO [localhost-startStop-1] org.apache.jasper.servlet.TldScanner.scanJars At least one JAR was scanned for TLDs yet contained no TLDs. Enable debug logging for this logger for a complete list of JARs that were scanned but no TLDs were found in them. Skipping unneeded JARs during scanning can improve startup time and JSP compilation time.
23-Mar-2016 21:13:36.086 INFO [localhost-startStop-1] org.apache.catalina.startup.HostConfig.deployWAR Deployment of web application archive F:\dubboxTest\apache-tomcat-8.0.32\webapps\dubbo-admin-2.8.4.war has finished in 64,419 ms
23-Mar-2016 21:13:36.090 INFO [localhost-startStop-1] org.apache.catalina.startup.HostConfig.deployDirectory Deploying web application directory F:\dubboxTest\apache-tomcat-8.0.32\webapps\docs
23-Mar-2016 21:13:36.225 INFO [localhost-startStop-1] org.apache.catalina.startup.HostConfig.deployDirectory Deployment of web application directory F:\dubboxTest\apache-tomcat-8.0.32\webapps\docs has finished in 135 ms
23-Mar-2016 21:13:36.229 INFO [localhost-startStop-1] org.apache.catalina.startup.HostConfig.deployDirectory Deploying web application directory F:\dubboxTest\apache-tomcat-8.0.32\webapps\examples
23-Mar-2016 21:13:37.786 INFO [localhost-startStop-1] org.apache.catalina.startup.HostConfig.deployDirectory Deployment of web application directory F:\dubboxTest\apache-tomcat-8.0.32\webapps\examples has finished in 1,556 ms
23-Mar-2016 21:13:37.787 INFO [localhost-startStop-1] org.apache.catalina.startup.HostConfig.deployDirectory Deploying web application directory F:\dubboxTest\apache-tomcat-8.0.32\webapps\host-manager
23-Mar-2016 21:13:37.916 INFO [localhost-startStop-1] org.apache.catalina.startup.HostConfig.deployDirectory Deployment of web application directory F:\dubboxTest\apache-tomcat-8.0.32\webapps\host-manager has finished in 128 ms
23-Mar-2016 21:13:37.918 INFO [localhost-startStop-1] org.apache.catalina.startup.HostConfig.deployDirectory Deploying web application directory F:\dubboxTest\apache-tomcat-8.0.32\webapps\manager
23-Mar-2016 21:13:38.001 INFO [localhost-startStop-1] org.apache.catalina.startup.HostConfig.deployDirectory Deployment of web application directory F:\dubboxTest\apache-tomcat-8.0.32\webapps\manager has finished in 82 ms
23-Mar-2016 21:13:38.002 INFO [localhost-startStop-1] org.apache.catalina.startup.HostConfig.deployDirectory Deploying web application directory F:\dubboxTest\apache-tomcat-8.0.32\webapps\ROOT
23-Mar-2016 21:13:38.067 INFO [localhost-startStop-1] org.apache.catalina.startup.HostConfig.deployDirectory Deployment of web application directory F:\dubboxTest\apache-tomcat-8.0.32\webapps\ROOT has finished in 65 ms
23-Mar-2016 21:13:38.077 INFO [main] org.apache.coyote.AbstractProtocol.start Starting ProtocolHandler ["http-apr-8080"]
23-Mar-2016 21:13:38.100 INFO [main] org.apache.coyote.AbstractProtocol.start Starting ProtocolHandler ["ajp-apr-8009"]
23-Mar-2016 21:13:38.107 INFO [main] org.apache.catalina.startup.Catalina.start Server startup in 66575 ms
23-Mar-2016 21:15:54.157 INFO [Thread-4] org.apache.coyote.AbstractProtocol.pause Pausing ProtocolHandler ["http-apr-8080"]
23-Mar-2016 21:15:54.190 INFO [Thread-4] org.apache.coyote.AbstractProtocol.pause Pausing ProtocolHandler ["ajp-apr-8009"]
23-Mar-2016 21:15:54.201 INFO [Thread-4] org.apache.catalina.core.StandardService.stopInternal Stopping service Catalina
23-Mar-2016 21:15:54.373 WARNING [localhost-startStop-2] org.apache.catalina.loader.WebappClassLoaderBase.clearReferencesThreads The web application [dubbo-admin-2.8.4] appears to have started a thread named [DubboRegistryFailedRetryTimer-thread-1] but has failed to stop it. This is very likely to create a memory leak. Stack trace of thread:
 sun.misc.Unsafe.park(Native Method)
 java.util.concurrent.locks.LockSupport.parkNanos(LockSupport.java:215)
 java.util.concurrent.locks.AbstractQueuedSynchronizer$ConditionObject.awaitNanos(AbstractQueuedSynchronizer.java:2078)
 java.util.concurrent.ScheduledThreadPoolExecutor$DelayedWorkQueue.take(ScheduledThreadPoolExecutor.java:1093)
 java.util.concurrent.ScheduledThreadPoolExecutor$DelayedWorkQueue.take(ScheduledThreadPoolExecutor.java:809)
 java.util.concurrent.ThreadPoolExecutor.getTask(ThreadPoolExecutor.java:1067)
 java.util.concurrent.ThreadPoolExecutor.runWorker(ThreadPoolExecutor.java:1127)
 java.util.concurrent.ThreadPoolExecutor$Worker.run(ThreadPoolExecutor.java:617)
 java.lang.Thread.run(Thread.java:745)
23-Mar-2016 21:15:54.415 INFO [Thread-4] org.apache.coyote.AbstractProtocol.stop Stopping ProtocolHandler ["http-apr-8080"]
23-Mar-2016 21:15:54.472 INFO [Thread-4] org.apache.coyote.AbstractProtocol.stop Stopping ProtocolHandler ["ajp-apr-8009"]
23-Mar-2016 21:15:54.527 INFO [Thread-4] org.apache.coyote.AbstractProtocol.destroy Destroying ProtocolHandler ["http-apr-8080"]
23-Mar-2016 21:15:54.528 INFO [Thread-4] org.apache.coyote.AbstractProtocol.destroy Destroying ProtocolHandler ["ajp-apr-8009"]
