2016-11-14 15:25:12,199 WARN  [axis2.deployment.AxisConfigBuilder] (main:null) Unable to instantiate deployer org.apache.axis2.deployment.ServiceDeployer; see debug logs for more details
2016-11-14 15:25:12,558 INFO  [impl.httpclient3.HTTPSenderImpl] (main:null) Unable to sendViaPost to url[http://localhost:8099/rack/services/OprationService.OprationServiceHttpSoap12Endpoint/]
org.apache.axis2.AxisFault: Transport error: 404 Error: Not Found
	at org.apache.axis2.transport.http.impl.httpclient3.HTTPSenderImpl.handleResponse(HTTPSenderImpl.java:343)
	at org.apache.axis2.transport.http.impl.httpclient3.HTTPSenderImpl.sendViaPost(HTTPSenderImpl.java:213)
	at org.apache.axis2.transport.http.HTTPSender.send(HTTPSender.java:121)
	at org.apache.axis2.transport.http.CommonsHTTPTransportSender.writeMessageWithCommons(CommonsHTTPTransportSender.java:403)
	at org.apache.axis2.transport.http.CommonsHTTPTransportSender.invoke(CommonsHTTPTransportSender.java:234)
	at org.apache.axis2.engine.AxisEngine.send(AxisEngine.java:431)
	at org.apache.axis2.description.OutInAxisOperationClient.send(OutInAxisOperation.java:399)
	at org.apache.axis2.description.OutInAxisOperationClient.executeImpl(OutInAxisOperation.java:225)
	at org.apache.axis2.client.OperationClient.execute(OperationClient.java:150)
	at com.frank.axis.client.OprationServiceStub.search(OprationServiceStub.java:150)
	at com.frank.axis.OprationClientTest.main(OprationClientTest.java:15)
2016-11-14 15:26:32,119 WARN  [axis2.deployment.AxisConfigBuilder] (main:null) Unable to instantiate deployer org.apache.axis2.deployment.ServiceDeployer; see debug logs for more details
2016-11-14 15:27:26,069 WARN  [axis2.deployment.AxisConfigBuilder] (main:null) Unable to instantiate deployer org.apache.axis2.deployment.ServiceDeployer; see debug logs for more details
2016-11-14 15:28:22,294 WARN  [axis2.deployment.AxisConfigBuilder] (main:null) Unable to instantiate deployer org.apache.axis2.deployment.ServiceDeployer; see debug logs for more details
2016-11-14 15:28:43,108 WARN  [axis2.deployment.AxisConfigBuilder] (main:null) Unable to instantiate deployer org.apache.axis2.deployment.ServiceDeployer; see debug logs for more details
2016-11-14 15:35:48,820 WARN  [axis2.deployment.AxisConfigBuilder] (main:null) Unable to instantiate deployer org.apache.axis2.deployment.ServiceDeployer; see debug logs for more details
2016-11-14 15:35:49,181 INFO  [impl.httpclient3.HTTPSenderImpl] (main:null) Unable to sendViaPost to url[http://localhost:8099/rack/services/OprationService.OprationServiceHttpSoap12Endpoint/]
org.apache.axis2.AxisFault: Transport error: 404 Error: Not Found
	at org.apache.axis2.transport.http.impl.httpclient3.HTTPSenderImpl.handleResponse(HTTPSenderImpl.java:343)
	at org.apache.axis2.transport.http.impl.httpclient3.HTTPSenderImpl.sendViaPost(HTTPSenderImpl.java:213)
	at org.apache.axis2.transport.http.HTTPSender.send(HTTPSender.java:121)
	at org.apache.axis2.transport.http.CommonsHTTPTransportSender.writeMessageWithCommons(CommonsHTTPTransportSender.java:403)
	at org.apache.axis2.transport.http.CommonsHTTPTransportSender.invoke(CommonsHTTPTransportSender.java:234)
	at org.apache.axis2.engine.AxisEngine.send(AxisEngine.java:431)
	at org.apache.axis2.description.OutInAxisOperationClient.send(OutInAxisOperation.java:399)
	at org.apache.axis2.description.OutInAxisOperationClient.executeImpl(OutInAxisOperation.java:225)
	at org.apache.axis2.client.OperationClient.execute(OperationClient.java:150)
	at com.frank.axis.client.OprationServiceStub.search(OprationServiceStub.java:150)
	at com.frank.axis.OprationClientTest.main(OprationClientTest.java:17)
2016-11-14 15:52:49,201 WARN  [axis2.deployment.AxisConfigBuilder] (main:null) Unable to instantiate deployer org.apache.axis2.deployment.ServiceDeployer; see debug logs for more details
2016-11-14 15:52:49,564 INFO  [impl.httpclient3.HTTPSenderImpl] (main:null) Unable to sendViaPost to url[http://localhost:8099/rack/services/OprationService.OprationServiceHttpSoap12Endpoint/]
org.apache.axis2.AxisFault: Transport error: 404 Error: Not Found
	at org.apache.axis2.transport.http.impl.httpclient3.HTTPSenderImpl.handleResponse(HTTPSenderImpl.java:343)
	at org.apache.axis2.transport.http.impl.httpclient3.HTTPSenderImpl.sendViaPost(HTTPSenderImpl.java:213)
	at org.apache.axis2.transport.http.HTTPSender.send(HTTPSender.java:121)
	at org.apache.axis2.transport.http.CommonsHTTPTransportSender.writeMessageWithCommons(CommonsHTTPTransportSender.java:403)
	at org.apache.axis2.transport.http.CommonsHTTPTransportSender.invoke(CommonsHTTPTransportSender.java:234)
	at org.apache.axis2.engine.AxisEngine.send(AxisEngine.java:431)
	at org.apache.axis2.description.OutInAxisOperationClient.send(OutInAxisOperation.java:399)
	at org.apache.axis2.description.OutInAxisOperationClient.executeImpl(OutInAxisOperation.java:225)
	at org.apache.axis2.client.OperationClient.execute(OperationClient.java:150)
	at com.frank.axis.client.OprationServiceStub.search(OprationServiceStub.java:150)
	at com.frank.axis.OprationClientTest.main(OprationClientTest.java:17)
2016-11-14 15:58:47,889 WARN  [axis2.deployment.AxisConfigBuilder] (main:null) Unable to instantiate deployer org.apache.axis2.deployment.ServiceDeployer; see debug logs for more details
2016-11-14 15:58:48,248 INFO  [impl.httpclient3.HTTPSenderImpl] (main:null) Unable to sendViaPost to url[http://localhost:8099/rack/services/OprationService.OprationServiceHttpSoap12Endpoint/]
org.apache.axis2.AxisFault: Transport error: 404 Error: Not Found
	at org.apache.axis2.transport.http.impl.httpclient3.HTTPSenderImpl.handleResponse(HTTPSenderImpl.java:343)
	at org.apache.axis2.transport.http.impl.httpclient3.HTTPSenderImpl.sendViaPost(HTTPSenderImpl.java:213)
	at org.apache.axis2.transport.http.HTTPSender.send(HTTPSender.java:121)
	at org.apache.axis2.transport.http.CommonsHTTPTransportSender.writeMessageWithCommons(CommonsHTTPTransportSender.java:403)
	at org.apache.axis2.transport.http.CommonsHTTPTransportSender.invoke(CommonsHTTPTransportSender.java:234)
	at org.apache.axis2.engine.AxisEngine.send(AxisEngine.java:431)
	at org.apache.axis2.description.OutInAxisOperationClient.send(OutInAxisOperation.java:399)
	at org.apache.axis2.description.OutInAxisOperationClient.executeImpl(OutInAxisOperation.java:225)
	at org.apache.axis2.client.OperationClient.execute(OperationClient.java:150)
	at com.frank.axis.client.OprationServiceStub.search(OprationServiceStub.java:150)
	at com.frank.axis.OprationClientTest.main(OprationClientTest.java:17)
2016-11-14 16:44:45,669 WARN  [axis2.deployment.AxisConfigBuilder] (main:null) Unable to instantiate deployer org.apache.axis2.deployment.ServiceDeployer; see debug logs for more details
2016-11-14 16:44:46,059 INFO  [impl.httpclient3.HTTPSenderImpl] (main:null) Unable to sendViaPost to url[http://localhost:8099/rack/services/OprationService.OprationServiceHttpSoap12Endpoint/]
org.apache.axis2.AxisFault: Transport error: 404 Error: Not Found
	at org.apache.axis2.transport.http.impl.httpclient3.HTTPSenderImpl.handleResponse(HTTPSenderImpl.java:343)
	at org.apache.axis2.transport.http.impl.httpclient3.HTTPSenderImpl.sendViaPost(HTTPSenderImpl.java:213)
	at org.apache.axis2.transport.http.HTTPSender.send(HTTPSender.java:121)
	at org.apache.axis2.transport.http.CommonsHTTPTransportSender.writeMessageWithCommons(CommonsHTTPTransportSender.java:403)
	at org.apache.axis2.transport.http.CommonsHTTPTransportSender.invoke(CommonsHTTPTransportSender.java:234)
	at org.apache.axis2.engine.AxisEngine.send(AxisEngine.java:431)
	at org.apache.axis2.description.OutInAxisOperationClient.send(OutInAxisOperation.java:399)
	at org.apache.axis2.description.OutInAxisOperationClient.executeImpl(OutInAxisOperation.java:225)
	at org.apache.axis2.client.OperationClient.execute(OperationClient.java:150)
	at com.frank.axis.client.OprationServiceStub.search(OprationServiceStub.java:150)
	at com.frank.axis.OprationClientTest.main(OprationClientTest.java:17)
2016-11-14 17:02:13,235 WARN  [axis2.deployment.AxisConfigBuilder] (main:null) Unable to instantiate deployer org.apache.axis2.deployment.ServiceDeployer; see debug logs for more details
2016-11-14 17:02:13,643 INFO  [impl.httpclient3.HTTPSenderImpl] (main:null) Unable to sendViaPost to url[http://localhost:8099/rack/services/OprationService.OprationServiceHttpSoap12Endpoint/]
org.apache.axis2.AxisFault: Transport error: 404 Error: Not Found
	at org.apache.axis2.transport.http.impl.httpclient3.HTTPSenderImpl.handleResponse(HTTPSenderImpl.java:343)
	at org.apache.axis2.transport.http.impl.httpclient3.HTTPSenderImpl.sendViaPost(HTTPSenderImpl.java:213)
	at org.apache.axis2.transport.http.HTTPSender.send(HTTPSender.java:121)
	at org.apache.axis2.transport.http.CommonsHTTPTransportSender.writeMessageWithCommons(CommonsHTTPTransportSender.java:403)
	at org.apache.axis2.transport.http.CommonsHTTPTransportSender.invoke(CommonsHTTPTransportSender.java:234)
	at org.apache.axis2.engine.AxisEngine.send(AxisEngine.java:431)
	at org.apache.axis2.description.OutInAxisOperationClient.send(OutInAxisOperation.java:399)
	at org.apache.axis2.description.OutInAxisOperationClient.executeImpl(OutInAxisOperation.java:225)
	at org.apache.axis2.client.OperationClient.execute(OperationClient.java:150)
	at com.frank.axis.client.OprationServiceStub.search(OprationServiceStub.java:150)
	at com.frank.axis.OprationClientTest.main(OprationClientTest.java:17)
2016-11-14 17:07:59,487 WARN  [axis2.deployment.AxisConfigBuilder] (main:null) Unable to instantiate deployer org.apache.axis2.deployment.ServiceDeployer; see debug logs for more details
2016-11-14 17:07:59,820 INFO  [impl.httpclient3.HTTPSenderImpl] (main:null) Unable to sendViaPost to url[http://localhost:8099/rack/services/OprationService.OprationServiceHttpSoap11Endpoint/]
org.apache.axis2.AxisFault: Transport error: 404 Error: Not Found
	at org.apache.axis2.transport.http.impl.httpclient3.HTTPSenderImpl.handleResponse(HTTPSenderImpl.java:343)
	at org.apache.axis2.transport.http.impl.httpclient3.HTTPSenderImpl.sendViaPost(HTTPSenderImpl.java:213)
	at org.apache.axis2.transport.http.HTTPSender.send(HTTPSender.java:121)
	at org.apache.axis2.transport.http.CommonsHTTPTransportSender.writeMessageWithCommons(CommonsHTTPTransportSender.java:403)
	at org.apache.axis2.transport.http.CommonsHTTPTransportSender.invoke(CommonsHTTPTransportSender.java:234)
	at org.apache.axis2.engine.AxisEngine.send(AxisEngine.java:431)
	at org.apache.axis2.description.OutInAxisOperationClient.send(OutInAxisOperation.java:399)
	at org.apache.axis2.description.OutInAxisOperationClient.executeImpl(OutInAxisOperation.java:225)
	at org.apache.axis2.client.OperationClient.execute(OperationClient.java:150)
	at com.frank.axis.client.OprationServiceStub.search(OprationServiceStub.java:150)
	at com.frank.axis.OprationClientTest.main(OprationClientTest.java:17)
2016-11-14 17:09:33,349 WARN  [axis2.deployment.AxisConfigBuilder] (main:null) Unable to instantiate deployer org.apache.axis2.deployment.ServiceDeployer; see debug logs for more details
2016-11-14 17:38:22,462 WARN  [axis2.deployment.AxisConfigBuilder] (main:null) Unable to instantiate deployer org.apache.axis2.deployment.ServiceDeployer; see debug logs for more details
2016-11-14 17:38:22,860 INFO  [impl.httpclient3.HTTPSenderImpl] (main:null) Unable to sendViaPost to url[http://localhost:8099/rack/services/OprationService.OprationServiceHttpSoap11Endpoint/]
org.apache.axis2.AxisFault: Transport error: 404 Error: Not Found
	at org.apache.axis2.transport.http.impl.httpclient3.HTTPSenderImpl.handleResponse(HTTPSenderImpl.java:343)
	at org.apache.axis2.transport.http.impl.httpclient3.HTTPSenderImpl.sendViaPost(HTTPSenderImpl.java:213)
	at org.apache.axis2.transport.http.HTTPSender.send(HTTPSender.java:121)
	at org.apache.axis2.transport.http.CommonsHTTPTransportSender.writeMessageWithCommons(CommonsHTTPTransportSender.java:403)
	at org.apache.axis2.transport.http.CommonsHTTPTransportSender.invoke(CommonsHTTPTransportSender.java:234)
	at org.apache.axis2.engine.AxisEngine.send(AxisEngine.java:431)
	at org.apache.axis2.description.OutInAxisOperationClient.send(OutInAxisOperation.java:399)
	at org.apache.axis2.description.OutInAxisOperationClient.executeImpl(OutInAxisOperation.java:225)
	at org.apache.axis2.client.OperationClient.execute(OperationClient.java:150)
	at com.frank.axis.client.OprationServiceStub.search(OprationServiceStub.java:150)
	at com.frank.axis.OprationClientTest.main(OprationClientTest.java:17)
2016-11-14 17:50:45,257 WARN  [axis2.deployment.AxisConfigBuilder] (main:null) Unable to instantiate deployer org.apache.axis2.deployment.ServiceDeployer; see debug logs for more details
2016-11-14 17:50:45,647 INFO  [impl.httpclient3.HTTPSenderImpl] (main:null) Unable to sendViaPost to url[http://localhost:8099/rack/services/OprationService.OprationServiceHttpSoap11Endpoint/]
org.apache.axis2.AxisFault: Transport error: 404 Error: Not Found
	at org.apache.axis2.transport.http.impl.httpclient3.HTTPSenderImpl.handleResponse(HTTPSenderImpl.java:343)
	at org.apache.axis2.transport.http.impl.httpclient3.HTTPSenderImpl.sendViaPost(HTTPSenderImpl.java:213)
	at org.apache.axis2.transport.http.HTTPSender.send(HTTPSender.java:121)
	at org.apache.axis2.transport.http.CommonsHTTPTransportSender.writeMessageWithCommons(CommonsHTTPTransportSender.java:403)
	at org.apache.axis2.transport.http.CommonsHTTPTransportSender.invoke(CommonsHTTPTransportSender.java:234)
	at org.apache.axis2.engine.AxisEngine.send(AxisEngine.java:431)
	at org.apache.axis2.description.OutInAxisOperationClient.send(OutInAxisOperation.java:399)
	at org.apache.axis2.description.OutInAxisOperationClient.executeImpl(OutInAxisOperation.java:225)
	at org.apache.axis2.client.OperationClient.execute(OperationClient.java:150)
	at com.frank.axis.client.OprationServiceStub.search(OprationServiceStub.java:150)
	at com.frank.axis.OprationClientTest.main(OprationClientTest.java:23)
2016-11-14 17:53:16,751 WARN  [axis2.deployment.AxisConfigBuilder] (main:null) Unable to instantiate deployer org.apache.axis2.deployment.ServiceDeployer; see debug logs for more details
2016-11-14 17:53:17,134 INFO  [impl.httpclient3.HTTPSenderImpl] (main:null) Unable to sendViaPost to url[http://localhost:8099/rack/services/OprationService.OprationServiceHttpSoap12Endpoint/]
org.apache.axis2.AxisFault: Transport error: 404 Error: Not Found
	at org.apache.axis2.transport.http.impl.httpclient3.HTTPSenderImpl.handleResponse(HTTPSenderImpl.java:343)
	at org.apache.axis2.transport.http.impl.httpclient3.HTTPSenderImpl.sendViaPost(HTTPSenderImpl.java:213)
	at org.apache.axis2.transport.http.HTTPSender.send(HTTPSender.java:121)
	at org.apache.axis2.transport.http.CommonsHTTPTransportSender.writeMessageWithCommons(CommonsHTTPTransportSender.java:403)
	at org.apache.axis2.transport.http.CommonsHTTPTransportSender.invoke(CommonsHTTPTransportSender.java:234)
	at org.apache.axis2.engine.AxisEngine.send(AxisEngine.java:431)
	at org.apache.axis2.description.OutInAxisOperationClient.send(OutInAxisOperation.java:399)
	at org.apache.axis2.description.OutInAxisOperationClient.executeImpl(OutInAxisOperation.java:225)
	at org.apache.axis2.client.OperationClient.execute(OperationClient.java:150)
	at com.frank.axis.client.OprationServiceStub.search(OprationServiceStub.java:150)
	at com.frank.axis.OprationClientTest.main(OprationClientTest.java:23)
2016-11-14 17:54:05,801 WARN  [axis2.deployment.AxisConfigBuilder] (main:null) Unable to instantiate deployer org.apache.axis2.deployment.ServiceDeployer; see debug logs for more details
2016-11-14 17:55:59,082 WARN  [axis2.deployment.AxisConfigBuilder] (main:null) Unable to instantiate deployer org.apache.axis2.deployment.ServiceDeployer; see debug logs for more details
2016-11-14 18:05:54,625 WARN  [axis2.deployment.AxisConfigBuilder] (main:null) Unable to instantiate deployer org.apache.axis2.deployment.ServiceDeployer; see debug logs for more details
2016-11-14 18:05:54,955 INFO  [impl.httpclient3.HTTPSenderImpl] (main:null) Unable to sendViaPost to url[http://localhost:8099/rack/services/OprationService.OprationServiceHttpSoap12Endpoint/]
org.apache.axis2.AxisFault: Transport error: 404 Error: Not Found
	at org.apache.axis2.transport.http.impl.httpclient3.HTTPSenderImpl.handleResponse(HTTPSenderImpl.java:343)
	at org.apache.axis2.transport.http.impl.httpclient3.HTTPSenderImpl.sendViaPost(HTTPSenderImpl.java:213)
	at org.apache.axis2.transport.http.HTTPSender.send(HTTPSender.java:121)
	at org.apache.axis2.transport.http.CommonsHTTPTransportSender.writeMessageWithCommons(CommonsHTTPTransportSender.java:403)
	at org.apache.axis2.transport.http.CommonsHTTPTransportSender.invoke(CommonsHTTPTransportSender.java:234)
	at org.apache.axis2.engine.AxisEngine.send(AxisEngine.java:431)
	at org.apache.axis2.description.OutInAxisOperationClient.send(OutInAxisOperation.java:399)
	at org.apache.axis2.description.OutInAxisOperationClient.executeImpl(OutInAxisOperation.java:225)
	at org.apache.axis2.client.OperationClient.execute(OperationClient.java:150)
	at com.frank.axis.client.OprationServiceStub.search(OprationServiceStub.java:159)
	at com.frank.axis.client.OprationServiceStub.main(OprationServiceStub.java:2034)
2016-11-14 18:14:24,771 WARN  [axis2.deployment.AxisConfigBuilder] (main:null) Unable to instantiate deployer org.apache.axis2.deployment.ServiceDeployer; see debug logs for more details
2016-11-14 18:15:01,618 WARN  [axis2.deployment.AxisConfigBuilder] (main:null) Unable to instantiate deployer org.apache.axis2.deployment.ServiceDeployer; see debug logs for more details
2016-11-14 18:16:24,195 WARN  [axis2.deployment.AxisConfigBuilder] (main:null) Unable to instantiate deployer org.apache.axis2.deployment.ServiceDeployer; see debug logs for more details
2016-11-14 18:16:24,542 INFO  [impl.httpclient3.HTTPSenderImpl] (main:null) Unable to sendViaPost to url[http://localhost:8099/rack/services/OprationService.OprationServiceHttpSoap12Endpoint/]
org.apache.axis2.AxisFault: Transport error: 404 Error: Not Found
	at org.apache.axis2.transport.http.impl.httpclient3.HTTPSenderImpl.handleResponse(HTTPSenderImpl.java:343)
	at org.apache.axis2.transport.http.impl.httpclient3.HTTPSenderImpl.sendViaPost(HTTPSenderImpl.java:213)
	at org.apache.axis2.transport.http.HTTPSender.send(HTTPSender.java:121)
	at org.apache.axis2.transport.http.CommonsHTTPTransportSender.writeMessageWithCommons(CommonsHTTPTransportSender.java:403)
	at org.apache.axis2.transport.http.CommonsHTTPTransportSender.invoke(CommonsHTTPTransportSender.java:234)
	at org.apache.axis2.engine.AxisEngine.send(AxisEngine.java:431)
	at org.apache.axis2.description.OutInAxisOperationClient.send(OutInAxisOperation.java:399)
	at org.apache.axis2.description.OutInAxisOperationClient.executeImpl(OutInAxisOperation.java:225)
	at org.apache.axis2.client.OperationClient.execute(OperationClient.java:150)
	at com.frank.axis.client.OprationServiceStub.search(OprationServiceStub.java:159)
	at com.frank.axis.client.OprationServiceStub.main(OprationServiceStub.java:2040)
2016-11-14 18:22:21,508 WARN  [axis2.deployment.AxisConfigBuilder] (main:null) Unable to instantiate deployer org.apache.axis2.deployment.ServiceDeployer; see debug logs for more details
2016-11-14 18:23:27,601 WARN  [axis2.deployment.AxisConfigBuilder] (main:null) Unable to instantiate deployer org.apache.axis2.deployment.ServiceDeployer; see debug logs for more details
2016-11-14 18:23:38,739 WARN  [axis2.deployment.AxisConfigBuilder] (main:null) Unable to instantiate deployer org.apache.axis2.deployment.ServiceDeployer; see debug logs for more details
2016-11-14 18:23:50,679 WARN  [axis2.deployment.AxisConfigBuilder] (main:null) Unable to instantiate deployer org.apache.axis2.deployment.ServiceDeployer; see debug logs for more details
2016-11-14 18:25:24,271 WARN  [axis2.deployment.AxisConfigBuilder] (main:null) Unable to instantiate deployer org.apache.axis2.deployment.ServiceDeployer; see debug logs for more details
2016-11-14 18:25:24,635 INFO  [impl.httpclient3.HTTPSenderImpl] (main:null) Unable to sendViaPost to url[http://localhost:8099/rack/services/OprationService.OprationServiceHttpEndpoint/]
org.apache.axis2.AxisFault: Transport error: 404 Error: Not Found
	at org.apache.axis2.transport.http.impl.httpclient3.HTTPSenderImpl.handleResponse(HTTPSenderImpl.java:343)
	at org.apache.axis2.transport.http.impl.httpclient3.HTTPSenderImpl.sendViaPost(HTTPSenderImpl.java:213)
	at org.apache.axis2.transport.http.HTTPSender.send(HTTPSender.java:121)
	at org.apache.axis2.transport.http.CommonsHTTPTransportSender.writeMessageWithCommons(CommonsHTTPTransportSender.java:403)
	at org.apache.axis2.transport.http.CommonsHTTPTransportSender.invoke(CommonsHTTPTransportSender.java:234)
	at org.apache.axis2.engine.AxisEngine.send(AxisEngine.java:431)
	at org.apache.axis2.description.OutInAxisOperationClient.send(OutInAxisOperation.java:399)
	at org.apache.axis2.description.OutInAxisOperationClient.executeImpl(OutInAxisOperation.java:225)
	at org.apache.axis2.client.OperationClient.execute(OperationClient.java:150)
	at com.frank.axis.client.OprationServiceStub.search(OprationServiceStub.java:159)
	at com.frank.axis.client.OprationServiceStub.main(OprationServiceStub.java:2034)
2016-11-14 18:25:40,413 WARN  [axis2.deployment.AxisConfigBuilder] (main:null) Unable to instantiate deployer org.apache.axis2.deployment.ServiceDeployer; see debug logs for more details
2016-11-14 18:27:49,638 WARN  [axis2.deployment.AxisConfigBuilder] (main:null) Unable to instantiate deployer org.apache.axis2.deployment.ServiceDeployer; see debug logs for more details
2016-11-14 18:29:43,436 WARN  [axis2.deployment.AxisConfigBuilder] (main:null) Unable to instantiate deployer org.apache.axis2.deployment.ServiceDeployer; see debug logs for more details
2016-11-14 18:30:19,170 WARN  [axis2.deployment.AxisConfigBuilder] (main:null) Unable to instantiate deployer org.apache.axis2.deployment.ServiceDeployer; see debug logs for more details
2016-11-14 18:32:01,478 WARN  [axis2.deployment.AxisConfigBuilder] (main:null) Unable to instantiate deployer org.apache.axis2.deployment.ServiceDeployer; see debug logs for more details
2016-11-14 18:32:20,230 WARN  [axis2.deployment.AxisConfigBuilder] (main:null) Unable to instantiate deployer org.apache.axis2.deployment.ServiceDeployer; see debug logs for more details
2016-11-14 18:32:39,976 WARN  [axis2.deployment.AxisConfigBuilder] (main:null) Unable to instantiate deployer org.apache.axis2.deployment.ServiceDeployer; see debug logs for more details
2016-11-14 18:33:07,115 WARN  [axis2.deployment.AxisConfigBuilder] (main:null) Unable to instantiate deployer org.apache.axis2.deployment.ServiceDeployer; see debug logs for more details
2016-11-14 18:35:49,820 WARN  [axis2.deployment.AxisConfigBuilder] (main:null) Unable to instantiate deployer org.apache.axis2.deployment.ServiceDeployer; see debug logs for more details
2016-11-14 18:57:40,328 WARN  [axis2.deployment.AxisConfigBuilder] (main:null) Unable to instantiate deployer org.apache.axis2.deployment.ServiceDeployer; see debug logs for more details
2016-11-14 18:57:40,832 INFO  [impl.httpclient3.HTTPSenderImpl] (main:null) Unable to sendViaPost to url[http://localhost:8099/rack/axis/OprationService?wsdl]
org.apache.axis2.AxisFault: Transport error: 404 Error: Not Found
	at org.apache.axis2.transport.http.impl.httpclient3.HTTPSenderImpl.handleResponse(HTTPSenderImpl.java:343)
	at org.apache.axis2.transport.http.impl.httpclient3.HTTPSenderImpl.sendViaPost(HTTPSenderImpl.java:213)
	at org.apache.axis2.transport.http.HTTPSender.send(HTTPSender.java:121)
	at org.apache.axis2.transport.http.CommonsHTTPTransportSender.writeMessageWithCommons(CommonsHTTPTransportSender.java:403)
	at org.apache.axis2.transport.http.CommonsHTTPTransportSender.invoke(CommonsHTTPTransportSender.java:234)
	at org.apache.axis2.engine.AxisEngine.send(AxisEngine.java:431)
	at org.apache.axis2.description.OutInAxisOperationClient.send(OutInAxisOperation.java:399)
	at org.apache.axis2.description.OutInAxisOperationClient.executeImpl(OutInAxisOperation.java:225)
	at org.apache.axis2.client.OperationClient.execute(OperationClient.java:150)
	at org.apache.axis2.client.ServiceClient.sendReceive(ServiceClient.java:533)
	at org.apache.axis2.client.ServiceClient.sendReceive(ServiceClient.java:509)
	at org.apache.axis2.rpc.client.RPCServiceClient.invokeBlocking(RPCServiceClient.java:101)
	at com.frank.axis.OprationClient.main(OprationClient.java:34)
2016-11-14 18:58:00,268 WARN  [axis2.deployment.AxisConfigBuilder] (main:null) Unable to instantiate deployer org.apache.axis2.deployment.ServiceDeployer; see debug logs for more details
2016-11-14 18:58:00,687 INFO  [impl.httpclient3.HTTPSenderImpl] (main:null) Unable to sendViaPost to url[http://localhost:8099/rack/axis/OprationService]
org.apache.axis2.AxisFault: Transport error: 404 Error: Not Found
	at org.apache.axis2.transport.http.impl.httpclient3.HTTPSenderImpl.handleResponse(HTTPSenderImpl.java:343)
	at org.apache.axis2.transport.http.impl.httpclient3.HTTPSenderImpl.sendViaPost(HTTPSenderImpl.java:213)
	at org.apache.axis2.transport.http.HTTPSender.send(HTTPSender.java:121)
	at org.apache.axis2.transport.http.CommonsHTTPTransportSender.writeMessageWithCommons(CommonsHTTPTransportSender.java:403)
	at org.apache.axis2.transport.http.CommonsHTTPTransportSender.invoke(CommonsHTTPTransportSender.java:234)
	at org.apache.axis2.engine.AxisEngine.send(AxisEngine.java:431)
	at org.apache.axis2.description.OutInAxisOperationClient.send(OutInAxisOperation.java:399)
	at org.apache.axis2.description.OutInAxisOperationClient.executeImpl(OutInAxisOperation.java:225)
	at org.apache.axis2.client.OperationClient.execute(OperationClient.java:150)
	at org.apache.axis2.client.ServiceClient.sendReceive(ServiceClient.java:533)
	at org.apache.axis2.client.ServiceClient.sendReceive(ServiceClient.java:509)
	at org.apache.axis2.rpc.client.RPCServiceClient.invokeBlocking(RPCServiceClient.java:101)
	at com.frank.axis.OprationClient.main(OprationClient.java:34)
2016-11-14 19:10:09,022 WARN  [axis2.deployment.AxisConfigBuilder] (main:null) Unable to instantiate deployer org.apache.axis2.deployment.ServiceDeployer; see debug logs for more details
2016-11-14 19:10:09,498 INFO  [impl.httpclient3.HTTPSenderImpl] (main:null) Unable to sendViaPost to url[http://localhost:8099/rack/axis/OprationService]
org.apache.axis2.AxisFault: Transport error: 404 Error: Not Found
	at org.apache.axis2.transport.http.impl.httpclient3.HTTPSenderImpl.handleResponse(HTTPSenderImpl.java:343)
	at org.apache.axis2.transport.http.impl.httpclient3.HTTPSenderImpl.sendViaPost(HTTPSenderImpl.java:213)
	at org.apache.axis2.transport.http.HTTPSender.send(HTTPSender.java:121)
	at org.apache.axis2.transport.http.CommonsHTTPTransportSender.writeMessageWithCommons(CommonsHTTPTransportSender.java:403)
	at org.apache.axis2.transport.http.CommonsHTTPTransportSender.invoke(CommonsHTTPTransportSender.java:234)
	at org.apache.axis2.engine.AxisEngine.send(AxisEngine.java:431)
	at org.apache.axis2.description.OutInAxisOperationClient.send(OutInAxisOperation.java:399)
	at org.apache.axis2.description.OutInAxisOperationClient.executeImpl(OutInAxisOperation.java:225)
	at org.apache.axis2.client.OperationClient.execute(OperationClient.java:150)
	at org.apache.axis2.client.ServiceClient.sendReceive(ServiceClient.java:533)
	at org.apache.axis2.client.ServiceClient.sendReceive(ServiceClient.java:509)
	at org.apache.axis2.rpc.client.RPCServiceClient.invokeBlocking(RPCServiceClient.java:101)
	at com.frank.axis.OprationClient.main(OprationClient.java:34)
2016-11-14 19:31:16,109 WARN  [axis2.deployment.AxisConfigBuilder] (main:null) Unable to instantiate deployer org.apache.axis2.deployment.ServiceDeployer; see debug logs for more details
2016-11-14 19:32:39,422 WARN  [axis2.deployment.AxisConfigBuilder] (main:null) Unable to instantiate deployer org.apache.axis2.deployment.ServiceDeployer; see debug logs for more details
2016-11-28 12:54:35,545 WARN  [axis2.deployment.AxisConfigBuilder] (main:null) Unable to instantiate deployer org.apache.axis2.deployment.ServiceDeployer; see debug logs for more details
2016-11-28 15:45:26,403 WARN  [axis2.deployment.AxisConfigBuilder] (main:null) Unable to instantiate deployer org.apache.axis2.deployment.ServiceDeployer; see debug logs for more details
2016-11-28 15:51:11,967 WARN  [axis2.deployment.AxisConfigBuilder] (main:null) Unable to instantiate deployer org.apache.axis2.deployment.ServiceDeployer; see debug logs for more details
2016-11-28 15:54:27,420 WARN  [axis2.deployment.AxisConfigBuilder] (main:null) Unable to instantiate deployer org.apache.axis2.deployment.ServiceDeployer; see debug logs for more details
2016-11-28 15:55:29,813 WARN  [axis2.deployment.AxisConfigBuilder] (main:null) Unable to instantiate deployer org.apache.axis2.deployment.ServiceDeployer; see debug logs for more details
2016-11-28 20:07:41,030 WARN  [axis2.deployment.AxisConfigBuilder] (main:null) Unable to instantiate deployer org.apache.axis2.deployment.ServiceDeployer; see debug logs for more details
2016-11-28 20:07:41,533 INFO  [impl.httpclient3.HTTPSenderImpl] (main:null) Unable to sendViaPost to url[http://localhost:8099/orderWebService/api/v2/services/OrderInfoWebService.OrderInfoWebServiceHttpSoap12Endpoint/]
org.apache.axis2.AxisFault: Transport error: 401 Error: /login
	at org.apache.axis2.transport.http.impl.httpclient3.HTTPSenderImpl.handleResponse(HTTPSenderImpl.java:343)
	at org.apache.axis2.transport.http.impl.httpclient3.HTTPSenderImpl.sendViaPost(HTTPSenderImpl.java:213)
	at org.apache.axis2.transport.http.HTTPSender.send(HTTPSender.java:121)
	at org.apache.axis2.transport.http.CommonsHTTPTransportSender.writeMessageWithCommons(CommonsHTTPTransportSender.java:403)
	at org.apache.axis2.transport.http.CommonsHTTPTransportSender.invoke(CommonsHTTPTransportSender.java:234)
	at org.apache.axis2.engine.AxisEngine.send(AxisEngine.java:431)
	at org.apache.axis2.description.OutInAxisOperationClient.send(OutInAxisOperation.java:399)
	at org.apache.axis2.description.OutInAxisOperationClient.executeImpl(OutInAxisOperation.java:225)
	at org.apache.axis2.client.OperationClient.execute(OperationClient.java:150)
	at cn.com.ctsi.orderwebservice.api.webservice.OrderInfoWebServiceStub.orderInfo(OrderInfoWebServiceStub.java:184)
	at com.frank.axis.OprationClientTest.main(OprationClientTest.java:21)
2016-11-28 20:08:13,536 WARN  [axis2.deployment.AxisConfigBuilder] (main:null) Unable to instantiate deployer org.apache.axis2.deployment.ServiceDeployer; see debug logs for more details
2016-11-28 20:08:13,874 INFO  [impl.httpclient3.HTTPSenderImpl] (main:null) Unable to sendViaPost to url[http://localhost:8099/orderWebService/api/v2/services/OrderInfoWebService.OrderInfoWebServiceHttpSoap12Endpoint/]
org.apache.axis2.AxisFault: Transport error: 401 Error: /login
	at org.apache.axis2.transport.http.impl.httpclient3.HTTPSenderImpl.handleResponse(HTTPSenderImpl.java:343)
	at org.apache.axis2.transport.http.impl.httpclient3.HTTPSenderImpl.sendViaPost(HTTPSenderImpl.java:213)
	at org.apache.axis2.transport.http.HTTPSender.send(HTTPSender.java:121)
	at org.apache.axis2.transport.http.CommonsHTTPTransportSender.writeMessageWithCommons(CommonsHTTPTransportSender.java:403)
	at org.apache.axis2.transport.http.CommonsHTTPTransportSender.invoke(CommonsHTTPTransportSender.java:234)
	at org.apache.axis2.engine.AxisEngine.send(AxisEngine.java:431)
	at org.apache.axis2.description.OutInAxisOperationClient.send(OutInAxisOperation.java:399)
	at org.apache.axis2.description.OutInAxisOperationClient.executeImpl(OutInAxisOperation.java:225)
	at org.apache.axis2.client.OperationClient.execute(OperationClient.java:150)
	at cn.com.ctsi.orderwebservice.api.webservice.OrderInfoWebServiceStub.orderInfo(OrderInfoWebServiceStub.java:184)
	at com.frank.axis.OprationClientTest.main(OprationClientTest.java:21)
2016-11-28 20:08:35,880 WARN  [axis2.deployment.AxisConfigBuilder] (main:null) Unable to instantiate deployer org.apache.axis2.deployment.ServiceDeployer; see debug logs for more details
2016-11-28 20:08:36,215 INFO  [impl.httpclient3.HTTPSenderImpl] (main:null) Unable to sendViaPost to url[http://localhost:8099/orderWebService/api/v2/services/OrderInfoWebService.OrderInfoWebServiceHttpSoap12Endpoint/]
org.apache.axis2.AxisFault: Transport error: 401 Error: /login
	at org.apache.axis2.transport.http.impl.httpclient3.HTTPSenderImpl.handleResponse(HTTPSenderImpl.java:343)
	at org.apache.axis2.transport.http.impl.httpclient3.HTTPSenderImpl.sendViaPost(HTTPSenderImpl.java:213)
	at org.apache.axis2.transport.http.HTTPSender.send(HTTPSender.java:121)
	at org.apache.axis2.transport.http.CommonsHTTPTransportSender.writeMessageWithCommons(CommonsHTTPTransportSender.java:403)
	at org.apache.axis2.transport.http.CommonsHTTPTransportSender.invoke(CommonsHTTPTransportSender.java:234)
	at org.apache.axis2.engine.AxisEngine.send(AxisEngine.java:431)
	at org.apache.axis2.description.OutInAxisOperationClient.send(OutInAxisOperation.java:399)
	at org.apache.axis2.description.OutInAxisOperationClient.executeImpl(OutInAxisOperation.java:225)
	at org.apache.axis2.client.OperationClient.execute(OperationClient.java:150)
	at cn.com.ctsi.orderwebservice.api.webservice.OrderInfoWebServiceStub.orderInfo(OrderInfoWebServiceStub.java:184)
	at com.frank.axis.OprationClientTest.main(OprationClientTest.java:21)
2016-11-28 20:11:44,204 WARN  [axis2.deployment.AxisConfigBuilder] (main:null) Unable to instantiate deployer org.apache.axis2.deployment.ServiceDeployer; see debug logs for more details
2016-11-28 20:11:44,691 INFO  [impl.httpclient3.HTTPSenderImpl] (main:null) Unable to sendViaPost to url[http://localhost:8099/orderWebService/api/v2/services/OrderInfoWebService.OrderInfoWebServiceHttpSoap12Endpoint/]
org.apache.axis2.AxisFault: Transport error: 401 Error: /login
	at org.apache.axis2.transport.http.impl.httpclient3.HTTPSenderImpl.handleResponse(HTTPSenderImpl.java:343)
	at org.apache.axis2.transport.http.impl.httpclient3.HTTPSenderImpl.sendViaPost(HTTPSenderImpl.java:213)
	at org.apache.axis2.transport.http.HTTPSender.send(HTTPSender.java:121)
	at org.apache.axis2.transport.http.CommonsHTTPTransportSender.writeMessageWithCommons(CommonsHTTPTransportSender.java:403)
	at org.apache.axis2.transport.http.CommonsHTTPTransportSender.invoke(CommonsHTTPTransportSender.java:234)
	at org.apache.axis2.engine.AxisEngine.send(AxisEngine.java:431)
	at org.apache.axis2.description.OutInAxisOperationClient.send(OutInAxisOperation.java:399)
	at org.apache.axis2.description.OutInAxisOperationClient.executeImpl(OutInAxisOperation.java:225)
	at org.apache.axis2.client.OperationClient.execute(OperationClient.java:150)
	at cn.com.ctsi.orderwebservice.api.webservice.OrderInfoWebServiceStub.orderInfo(OrderInfoWebServiceStub.java:184)
	at com.frank.axis.OprationClientTest.main(OprationClientTest.java:21)
2016-11-28 20:13:39,754 WARN  [axis2.deployment.AxisConfigBuilder] (main:null) Unable to instantiate deployer org.apache.axis2.deployment.ServiceDeployer; see debug logs for more details
2016-11-28 20:13:40,223 INFO  [impl.httpclient3.HTTPSenderImpl] (main:null) Unable to sendViaPost to url[http://localhost:8099/orderWebService/api/v2/services/OrderInfoWebService.OrderInfoWebServiceHttpSoap12Endpoint/]
org.apache.axis2.AxisFault: Transport error: 401 Error: /login
	at org.apache.axis2.transport.http.impl.httpclient3.HTTPSenderImpl.handleResponse(HTTPSenderImpl.java:343)
	at org.apache.axis2.transport.http.impl.httpclient3.HTTPSenderImpl.sendViaPost(HTTPSenderImpl.java:213)
	at org.apache.axis2.transport.http.HTTPSender.send(HTTPSender.java:121)
	at org.apache.axis2.transport.http.CommonsHTTPTransportSender.writeMessageWithCommons(CommonsHTTPTransportSender.java:403)
	at org.apache.axis2.transport.http.CommonsHTTPTransportSender.invoke(CommonsHTTPTransportSender.java:234)
	at org.apache.axis2.engine.AxisEngine.send(AxisEngine.java:431)
	at org.apache.axis2.description.OutInAxisOperationClient.send(OutInAxisOperation.java:399)
	at org.apache.axis2.description.OutInAxisOperationClient.executeImpl(OutInAxisOperation.java:225)
	at org.apache.axis2.client.OperationClient.execute(OperationClient.java:150)
	at cn.com.ctsi.orderwebservice.api.webservice.OrderInfoWebServiceStub.orderInfo(OrderInfoWebServiceStub.java:184)
	at com.frank.axis.OprationClientTest.main(OprationClientTest.java:21)
2016-11-28 20:15:50,286 WARN  [axis2.deployment.AxisConfigBuilder] (main:null) Unable to instantiate deployer org.apache.axis2.deployment.ServiceDeployer; see debug logs for more details
2016-11-28 20:16:20,824 WARN  [axis2.deployment.AxisConfigBuilder] (main:null) Unable to instantiate deployer org.apache.axis2.deployment.ServiceDeployer; see debug logs for more details
2016-11-28 20:16:21,220 INFO  [impl.httpclient3.HTTPSenderImpl] (main:null) Unable to sendViaPost to url[http://localhost:8099/rack/services/OprationService]
org.apache.axis2.AxisFault: Transport error: 404 Error: Not Found
	at org.apache.axis2.transport.http.impl.httpclient3.HTTPSenderImpl.handleResponse(HTTPSenderImpl.java:343)
	at org.apache.axis2.transport.http.impl.httpclient3.HTTPSenderImpl.sendViaPost(HTTPSenderImpl.java:213)
	at org.apache.axis2.transport.http.HTTPSender.send(HTTPSender.java:121)
	at org.apache.axis2.transport.http.CommonsHTTPTransportSender.writeMessageWithCommons(CommonsHTTPTransportSender.java:403)
	at org.apache.axis2.transport.http.CommonsHTTPTransportSender.invoke(CommonsHTTPTransportSender.java:234)
	at org.apache.axis2.engine.AxisEngine.send(AxisEngine.java:431)
	at org.apache.axis2.description.OutInAxisOperationClient.send(OutInAxisOperation.java:399)
	at org.apache.axis2.description.OutInAxisOperationClient.executeImpl(OutInAxisOperation.java:225)
	at org.apache.axis2.client.OperationClient.execute(OperationClient.java:150)
	at org.apache.axis2.client.ServiceClient.sendReceive(ServiceClient.java:533)
	at org.apache.axis2.client.ServiceClient.sendReceive(ServiceClient.java:509)
	at org.apache.axis2.rpc.client.RPCServiceClient.invokeBlocking(RPCServiceClient.java:101)
	at com.frank.axis.OprationClient.main(OprationClient.java:39)
2016-11-28 20:17:45,301 WARN  [axis2.deployment.AxisConfigBuilder] (main:null) Unable to instantiate deployer org.apache.axis2.deployment.ServiceDeployer; see debug logs for more details
2016-11-29 17:57:26,578 WARN  [axis2.deployment.AxisConfigBuilder] (main:null) Unable to instantiate deployer org.apache.axis2.deployment.ServiceDeployer; see debug logs for more details
2016-11-29 17:58:27,170 INFO  [impl.httpclient3.HTTPSenderImpl] (main:null) Unable to sendViaPost to url[http://localhost:8099/orderWebService/api/v2/services/OrderInfoWebService.OrderInfoWebServiceHttpSoap12Endpoint/]
java.net.SocketTimeoutException: Read timed out
	at java.net.SocketInputStream.socketRead0(Native Method)
	at java.net.SocketInputStream.socketRead(SocketInputStream.java:116)
	at java.net.SocketInputStream.read(SocketInputStream.java:170)
	at java.net.SocketInputStream.read(SocketInputStream.java:141)
	at java.io.BufferedInputStream.fill(BufferedInputStream.java:246)
	at java.io.BufferedInputStream.read(BufferedInputStream.java:265)
	at org.apache.commons.httpclient.HttpParser.readRawLine(HttpParser.java:78)
	at org.apache.commons.httpclient.HttpParser.readLine(HttpParser.java:106)
	at org.apache.commons.httpclient.HttpConnection.readLine(HttpConnection.java:1116)
	at org.apache.commons.httpclient.MultiThreadedHttpConnectionManager$HttpConnectionAdapter.readLine(MultiThreadedHttpConnectionManager.java:1413)
	at org.apache.commons.httpclient.HttpMethodBase.readStatusLine(HttpMethodBase.java:1973)
	at org.apache.commons.httpclient.HttpMethodBase.readResponse(HttpMethodBase.java:1735)
	at org.apache.commons.httpclient.HttpMethodBase.execute(HttpMethodBase.java:1098)
	at org.apache.commons.httpclient.HttpMethodDirector.executeWithRetry(HttpMethodDirector.java:398)
	at org.apache.commons.httpclient.HttpMethodDirector.executeMethod(HttpMethodDirector.java:171)
	at org.apache.commons.httpclient.HttpClient.executeMethod(HttpClient.java:397)
	at org.apache.axis2.transport.http.impl.httpclient3.HTTPSenderImpl.executeMethod(HTTPSenderImpl.java:872)
	at org.apache.axis2.transport.http.impl.httpclient3.HTTPSenderImpl.sendViaPost(HTTPSenderImpl.java:212)
	at org.apache.axis2.transport.http.HTTPSender.send(HTTPSender.java:121)
	at org.apache.axis2.transport.http.CommonsHTTPTransportSender.writeMessageWithCommons(CommonsHTTPTransportSender.java:403)
	at org.apache.axis2.transport.http.CommonsHTTPTransportSender.invoke(CommonsHTTPTransportSender.java:234)
	at org.apache.axis2.engine.AxisEngine.send(AxisEngine.java:431)
	at org.apache.axis2.description.OutInAxisOperationClient.send(OutInAxisOperation.java:399)
	at org.apache.axis2.description.OutInAxisOperationClient.executeImpl(OutInAxisOperation.java:225)
	at org.apache.axis2.client.OperationClient.execute(OperationClient.java:150)
	at cn.com.ctsi.orderwebservice.api.webservice.OrderInfoWebServiceStub.orderInfo(OrderInfoWebServiceStub.java:184)
	at com.frank.axis.OprationClientTest.main(OprationClientTest.java:21)
2016-11-30 09:40:01,380 WARN  [axis2.deployment.AxisConfigBuilder] (main:null) Unable to instantiate deployer org.apache.axis2.deployment.ServiceDeployer; see debug logs for more details
2016-11-30 09:41:01,905 INFO  [impl.httpclient3.HTTPSenderImpl] (main:null) Unable to sendViaPost to url[http://localhost:8099/orderWebService/api/v2/services/OrderInfoWebService.OrderInfoWebServiceHttpSoap12Endpoint/]
java.net.SocketTimeoutException: Read timed out
	at java.net.SocketInputStream.socketRead0(Native Method)
	at java.net.SocketInputStream.socketRead(SocketInputStream.java:116)
	at java.net.SocketInputStream.read(SocketInputStream.java:170)
	at java.net.SocketInputStream.read(SocketInputStream.java:141)
	at java.io.BufferedInputStream.fill(BufferedInputStream.java:246)
	at java.io.BufferedInputStream.read(BufferedInputStream.java:265)
	at org.apache.commons.httpclient.HttpParser.readRawLine(HttpParser.java:78)
	at org.apache.commons.httpclient.HttpParser.readLine(HttpParser.java:106)
	at org.apache.commons.httpclient.HttpConnection.readLine(HttpConnection.java:1116)
	at org.apache.commons.httpclient.MultiThreadedHttpConnectionManager$HttpConnectionAdapter.readLine(MultiThreadedHttpConnectionManager.java:1413)
	at org.apache.commons.httpclient.HttpMethodBase.readStatusLine(HttpMethodBase.java:1973)
	at org.apache.commons.httpclient.HttpMethodBase.readResponse(HttpMethodBase.java:1735)
	at org.apache.commons.httpclient.HttpMethodBase.execute(HttpMethodBase.java:1098)
	at org.apache.commons.httpclient.HttpMethodDirector.executeWithRetry(HttpMethodDirector.java:398)
	at org.apache.commons.httpclient.HttpMethodDirector.executeMethod(HttpMethodDirector.java:171)
	at org.apache.commons.httpclient.HttpClient.executeMethod(HttpClient.java:397)
	at org.apache.axis2.transport.http.impl.httpclient3.HTTPSenderImpl.executeMethod(HTTPSenderImpl.java:872)
	at org.apache.axis2.transport.http.impl.httpclient3.HTTPSenderImpl.sendViaPost(HTTPSenderImpl.java:212)
	at org.apache.axis2.transport.http.HTTPSender.send(HTTPSender.java:121)
	at org.apache.axis2.transport.http.CommonsHTTPTransportSender.writeMessageWithCommons(CommonsHTTPTransportSender.java:403)
	at org.apache.axis2.transport.http.CommonsHTTPTransportSender.invoke(CommonsHTTPTransportSender.java:234)
	at org.apache.axis2.engine.AxisEngine.send(AxisEngine.java:431)
	at org.apache.axis2.description.OutInAxisOperationClient.send(OutInAxisOperation.java:399)
	at org.apache.axis2.description.OutInAxisOperationClient.executeImpl(OutInAxisOperation.java:225)
	at org.apache.axis2.client.OperationClient.execute(OperationClient.java:150)
	at cn.com.ctsi.orderwebservice.api.webservice.OrderInfoWebServiceStub.orderInfo(OrderInfoWebServiceStub.java:184)
	at com.frank.axis.OprationClientTest.main(OprationClientTest.java:21)
2016-11-30 09:48:08,995 WARN  [axis2.deployment.AxisConfigBuilder] (main:null) Unable to instantiate deployer org.apache.axis2.deployment.ServiceDeployer; see debug logs for more details
2016-11-30 09:52:06,536 WARN  [axis2.deployment.AxisConfigBuilder] (main:null) Unable to instantiate deployer org.apache.axis2.deployment.ServiceDeployer; see debug logs for more details
2016-11-30 10:35:09,347 WARN  [axis2.deployment.AxisConfigBuilder] (main:null) Unable to instantiate deployer org.apache.axis2.deployment.ServiceDeployer; see debug logs for more details
2016-11-30 15:13:56,283 WARN  [axis2.deployment.AxisConfigBuilder] (main:null) Unable to instantiate deployer org.apache.axis2.deployment.ServiceDeployer; see debug logs for more details
2016-11-30 15:15:30,006 WARN  [axis2.deployment.AxisConfigBuilder] (main:null) Unable to instantiate deployer org.apache.axis2.deployment.ServiceDeployer; see debug logs for more details
